2023-12-28 12:41:16,646 [Worker-8: Loading available Gradle versions] INFO  o.e.b.c.i.u.g.PublishedGradleVersions - Gradle version information cache is out-of-date. Trying to update.
2023-12-28 12:43:27,753 [Worker-8: Import Getting Started Content] INFO  o.e.m.c.i.l.LifecycleMappingFactory - Using org.eclipse.m2e.jdt.JarLifecycleMapping lifecycle mapping for MavenProject: com.example:Employee_Service:0.0.1-SNAPSHOT @ C:\Users\158250\SE_MicroServices_December\Employee_Service\pom.xml.
2023-12-28 12:43:31,183 [Worker-8: Import Getting Started Content] INFO  o.e.m.j.i.AbstractJavaProjectConfigurator - Adding source folder /Employee_Service/src/main/java
2023-12-28 12:43:31,184 [Worker-8: Import Getting Started Content] INFO  o.e.m.j.i.AbstractJavaProjectConfigurator - Adding resource folder /Employee_Service/src/main/resources
2023-12-28 12:43:31,200 [Worker-8: Import Getting Started Content] INFO  o.e.m.j.i.AbstractJavaProjectConfigurator - Adding resource folder /Employee_Service/src/main/resources
2023-12-28 12:43:31,216 [Worker-8: Import Getting Started Content] INFO  o.e.m.j.i.AbstractJavaProjectConfigurator - Adding source folder /Employee_Service/src/test/java
2023-12-28 12:43:33,360 [Worker-8: Import Getting Started Content] INFO  o.e.m.c.i.p.ProjectConfigurationManager - Imported and configured 1 project(s) in 9 sec
2023-12-28 12:43:33,365 [Worker-8: Import Getting Started Content] INFO  o.e.m.c.i.p.ProjectConfigurationManager - Update started
2023-12-28 12:43:33,882 [Worker-8: Import Getting Started Content] INFO  o.e.m.c.i.l.LifecycleMappingFactory - Using org.eclipse.m2e.jdt.JarLifecycleMapping lifecycle mapping for MavenProject: com.example:Employee_Service:0.0.1-SNAPSHOT @ C:\Users\158250\SE_MicroServices_December\Employee_Service\pom.xml.
2023-12-28 12:43:34,723 [Worker-8: Import Getting Started Content] INFO  o.e.m.j.i.AbstractJavaProjectConfigurator - Adding source folder /Employee_Service/src/main/java
2023-12-28 12:43:34,725 [Worker-8: Import Getting Started Content] INFO  o.e.m.j.i.AbstractJavaProjectConfigurator - Adding resource folder /Employee_Service/src/main/resources
2023-12-28 12:43:34,726 [Worker-8: Import Getting Started Content] INFO  o.e.m.j.i.AbstractJavaProjectConfigurator - Adding resource folder /Employee_Service/src/main/resources
2023-12-28 12:43:34,729 [Worker-8: Import Getting Started Content] INFO  o.e.m.j.i.AbstractJavaProjectConfigurator - Adding source folder /Employee_Service/src/test/java
2023-12-28 12:43:35,447 [Worker-8: Import Getting Started Content] INFO  o.e.m.c.i.p.ProjectConfigurationManager - Update completed for 1 poms: local refresh takes 0.00 sec, refresh facades takes 1.00 sec, update config takes 0.00 sec 
2023-12-28 13:08:05,298 [main] INFO  o.e.m2e.actions.ExecutePomAction - Creating new launch configuration
2023-12-28 13:08:06,655 [Worker-26: Launching Employee_Service] INFO  o.eclipse.m2e.core.internal.Bundles - getClasspathEntries(Bundle=org.eclipse.m2e.maven.runtime_3.8.604.20221130-2149 [345])
2023-12-28 13:08:06,664 [Worker-26: Launching Employee_Service] INFO  o.eclipse.m2e.core.internal.Bundles - 	Entry: C:\Digital\sts-4.17.1.RELEASE\plugins\org.eclipse.m2e.maven.runtime_3.8.604.20221130-2149
2023-12-28 13:08:06,664 [Worker-26: Launching Employee_Service] INFO  o.eclipse.m2e.core.internal.Bundles - 	Entry: C:\Digital\sts-4.17.1.RELEASE\plugins\org.eclipse.m2e.maven.runtime_3.8.604.20221130-2149\jars\aether-connector-okhttp-0.17.8.jar
2023-12-28 13:08:06,664 [Worker-26: Launching Employee_Service] INFO  o.eclipse.m2e.core.internal.Bundles - 	Entry: C:\Digital\sts-4.17.1.RELEASE\plugins\org.eclipse.m2e.maven.runtime_3.8.604.20221130-2149\jars\commons-cli-1.4.jar
2023-12-28 13:08:06,664 [Worker-26: Launching Employee_Service] INFO  o.eclipse.m2e.core.internal.Bundles - 	Entry: C:\Digital\sts-4.17.1.RELEASE\plugins\org.eclipse.m2e.maven.runtime_3.8.604.20221130-2149\jars\commons-io-2.6.jar
2023-12-28 13:08:06,665 [Worker-26: Launching Employee_Service] INFO  o.eclipse.m2e.core.internal.Bundles - 	Entry: C:\Digital\sts-4.17.1.RELEASE\plugins\org.eclipse.m2e.maven.runtime_3.8.604.20221130-2149\jars\commons-lang3-3.8.1.jar
2023-12-28 13:08:06,665 [Worker-26: Launching Employee_Service] INFO  o.eclipse.m2e.core.internal.Bundles - 	Entry: C:\Digital\sts-4.17.1.RELEASE\plugins\org.eclipse.m2e.maven.runtime_3.8.604.20221130-2149\jars\guice-4.2.2-no_aop.jar
2023-12-28 13:08:06,665 [Worker-26: Launching Employee_Service] INFO  o.eclipse.m2e.core.internal.Bundles - 	Entry: C:\Digital\sts-4.17.1.RELEASE\plugins\org.eclipse.m2e.maven.runtime_3.8.604.20221130-2149\jars\jansi-2.4.0.jar
2023-12-28 13:08:06,665 [Worker-26: Launching Employee_Service] INFO  o.eclipse.m2e.core.internal.Bundles - 	Entry: C:\Digital\sts-4.17.1.RELEASE\plugins\org.eclipse.m2e.maven.runtime_3.8.604.20221130-2149\jars\maven-artifact-3.8.6.jar
2023-12-28 13:08:06,665 [Worker-26: Launching Employee_Service] INFO  o.eclipse.m2e.core.internal.Bundles - 	Entry: C:\Digital\sts-4.17.1.RELEASE\plugins\org.eclipse.m2e.maven.runtime_3.8.604.20221130-2149\jars\maven-builder-support-3.8.6.jar
2023-12-28 13:08:06,665 [Worker-26: Launching Employee_Service] INFO  o.eclipse.m2e.core.internal.Bundles - 	Entry: C:\Digital\sts-4.17.1.RELEASE\plugins\org.eclipse.m2e.maven.runtime_3.8.604.20221130-2149\jars\maven-compat-3.8.6.jar
2023-12-28 13:08:06,665 [Worker-26: Launching Employee_Service] INFO  o.eclipse.m2e.core.internal.Bundles - 	Entry: C:\Digital\sts-4.17.1.RELEASE\plugins\org.eclipse.m2e.maven.runtime_3.8.604.20221130-2149\jars\maven-core-3.8.6.jar
2023-12-28 13:08:06,665 [Worker-26: Launching Employee_Service] INFO  o.eclipse.m2e.core.internal.Bundles - 	Entry: C:\Digital\sts-4.17.1.RELEASE\plugins\org.eclipse.m2e.maven.runtime_3.8.604.20221130-2149\jars\maven-embedder-3.8.6.jar
2023-12-28 13:08:06,665 [Worker-26: Launching Employee_Service] INFO  o.eclipse.m2e.core.internal.Bundles - 	Entry: C:\Digital\sts-4.17.1.RELEASE\plugins\org.eclipse.m2e.maven.runtime_3.8.604.20221130-2149\jars\maven-model-3.8.6.jar
2023-12-28 13:08:06,665 [Worker-26: Launching Employee_Service] INFO  o.eclipse.m2e.core.internal.Bundles - 	Entry: C:\Digital\sts-4.17.1.RELEASE\plugins\org.eclipse.m2e.maven.runtime_3.8.604.20221130-2149\jars\maven-model-builder-3.8.6.jar
2023-12-28 13:08:06,665 [Worker-26: Launching Employee_Service] INFO  o.eclipse.m2e.core.internal.Bundles - 	Entry: C:\Digital\sts-4.17.1.RELEASE\plugins\org.eclipse.m2e.maven.runtime_3.8.604.20221130-2149\jars\maven-plugin-api-3.8.6.jar
2023-12-28 13:08:06,666 [Worker-26: Launching Employee_Service] INFO  o.eclipse.m2e.core.internal.Bundles - 	Entry: C:\Digital\sts-4.17.1.RELEASE\plugins\org.eclipse.m2e.maven.runtime_3.8.604.20221130-2149\jars\maven-repository-metadata-3.8.6.jar
2023-12-28 13:08:06,666 [Worker-26: Launching Employee_Service] INFO  o.eclipse.m2e.core.internal.Bundles - 	Entry: C:\Digital\sts-4.17.1.RELEASE\plugins\org.eclipse.m2e.maven.runtime_3.8.604.20221130-2149\jars\maven-resolver-api-1.6.3.jar
2023-12-28 13:08:06,666 [Worker-26: Launching Employee_Service] INFO  o.eclipse.m2e.core.internal.Bundles - 	Entry: C:\Digital\sts-4.17.1.RELEASE\plugins\org.eclipse.m2e.maven.runtime_3.8.604.20221130-2149\jars\maven-resolver-connector-basic-1.6.3.jar
2023-12-28 13:08:06,666 [Worker-26: Launching Employee_Service] INFO  o.eclipse.m2e.core.internal.Bundles - 	Entry: C:\Digital\sts-4.17.1.RELEASE\plugins\org.eclipse.m2e.maven.runtime_3.8.604.20221130-2149\jars\maven-resolver-impl-1.6.3.jar
2023-12-28 13:08:06,666 [Worker-26: Launching Employee_Service] INFO  o.eclipse.m2e.core.internal.Bundles - 	Entry: C:\Digital\sts-4.17.1.RELEASE\plugins\org.eclipse.m2e.maven.runtime_3.8.604.20221130-2149\jars\maven-resolver-provider-3.8.6.jar
2023-12-28 13:08:06,666 [Worker-26: Launching Employee_Service] INFO  o.eclipse.m2e.core.internal.Bundles - 	Entry: C:\Digital\sts-4.17.1.RELEASE\plugins\org.eclipse.m2e.maven.runtime_3.8.604.20221130-2149\jars\maven-resolver-spi-1.6.3.jar
2023-12-28 13:08:06,666 [Worker-26: Launching Employee_Service] INFO  o.eclipse.m2e.core.internal.Bundles - 	Entry: C:\Digital\sts-4.17.1.RELEASE\plugins\org.eclipse.m2e.maven.runtime_3.8.604.20221130-2149\jars\maven-resolver-transport-wagon-1.6.3.jar
2023-12-28 13:08:06,666 [Worker-26: Launching Employee_Service] INFO  o.eclipse.m2e.core.internal.Bundles - 	Entry: C:\Digital\sts-4.17.1.RELEASE\plugins\org.eclipse.m2e.maven.runtime_3.8.604.20221130-2149\jars\maven-resolver-util-1.6.3.jar
2023-12-28 13:08:06,666 [Worker-26: Launching Employee_Service] INFO  o.eclipse.m2e.core.internal.Bundles - 	Entry: C:\Digital\sts-4.17.1.RELEASE\plugins\org.eclipse.m2e.maven.runtime_3.8.604.20221130-2149\jars\maven-settings-3.8.6.jar
2023-12-28 13:08:06,666 [Worker-26: Launching Employee_Service] INFO  o.eclipse.m2e.core.internal.Bundles - 	Entry: C:\Digital\sts-4.17.1.RELEASE\plugins\org.eclipse.m2e.maven.runtime_3.8.604.20221130-2149\jars\maven-settings-builder-3.8.6.jar
2023-12-28 13:08:06,666 [Worker-26: Launching Employee_Service] INFO  o.eclipse.m2e.core.internal.Bundles - 	Entry: C:\Digital\sts-4.17.1.RELEASE\plugins\org.eclipse.m2e.maven.runtime_3.8.604.20221130-2149\jars\maven-shared-utils-3.3.4.jar
2023-12-28 13:08:06,666 [Worker-26: Launching Employee_Service] INFO  o.eclipse.m2e.core.internal.Bundles - 	Entry: C:\Digital\sts-4.17.1.RELEASE\plugins\org.eclipse.m2e.maven.runtime_3.8.604.20221130-2149\jars\okhttp-3.14.1.jar
2023-12-28 13:08:06,667 [Worker-26: Launching Employee_Service] INFO  o.eclipse.m2e.core.internal.Bundles - 	Entry: C:\Digital\sts-4.17.1.RELEASE\plugins\org.eclipse.m2e.maven.runtime_3.8.604.20221130-2149\jars\okio-1.17.3.jar
2023-12-28 13:08:06,667 [Worker-26: Launching Employee_Service] INFO  o.eclipse.m2e.core.internal.Bundles - 	Entry: C:\Digital\sts-4.17.1.RELEASE\plugins\org.eclipse.m2e.maven.runtime_3.8.604.20221130-2149\jars\org.eclipse.sisu.inject-0.3.5.jar
2023-12-28 13:08:06,667 [Worker-26: Launching Employee_Service] INFO  o.eclipse.m2e.core.internal.Bundles - 	Entry: C:\Digital\sts-4.17.1.RELEASE\plugins\org.eclipse.m2e.maven.runtime_3.8.604.20221130-2149\jars\org.eclipse.sisu.plexus-0.3.5.jar
2023-12-28 13:08:06,667 [Worker-26: Launching Employee_Service] INFO  o.eclipse.m2e.core.internal.Bundles - 	Entry: C:\Digital\sts-4.17.1.RELEASE\plugins\org.eclipse.m2e.maven.runtime_3.8.604.20221130-2149\jars\plexus-build-api-0.0.7.jar
2023-12-28 13:08:06,667 [Worker-26: Launching Employee_Service] INFO  o.eclipse.m2e.core.internal.Bundles - 	Entry: C:\Digital\sts-4.17.1.RELEASE\plugins\org.eclipse.m2e.maven.runtime_3.8.604.20221130-2149\jars\plexus-cipher-2.0.jar
2023-12-28 13:08:06,667 [Worker-26: Launching Employee_Service] INFO  o.eclipse.m2e.core.internal.Bundles - 	Entry: C:\Digital\sts-4.17.1.RELEASE\plugins\org.eclipse.m2e.maven.runtime_3.8.604.20221130-2149\jars\plexus-classworlds-2.6.0.jar
2023-12-28 13:08:06,667 [Worker-26: Launching Employee_Service] INFO  o.eclipse.m2e.core.internal.Bundles - 	Entry: C:\Digital\sts-4.17.1.RELEASE\plugins\org.eclipse.m2e.maven.runtime_3.8.604.20221130-2149\jars\plexus-component-annotations-2.1.0.jar
2023-12-28 13:08:06,667 [Worker-26: Launching Employee_Service] INFO  o.eclipse.m2e.core.internal.Bundles - 	Entry: C:\Digital\sts-4.17.1.RELEASE\plugins\org.eclipse.m2e.maven.runtime_3.8.604.20221130-2149\jars\plexus-interpolation-1.26.jar
2023-12-28 13:08:06,667 [Worker-26: Launching Employee_Service] INFO  o.eclipse.m2e.core.internal.Bundles - 	Entry: C:\Digital\sts-4.17.1.RELEASE\plugins\org.eclipse.m2e.maven.runtime_3.8.604.20221130-2149\jars\plexus-sec-dispatcher-2.0.jar
2023-12-28 13:08:06,667 [Worker-26: Launching Employee_Service] INFO  o.eclipse.m2e.core.internal.Bundles - 	Entry: C:\Digital\sts-4.17.1.RELEASE\plugins\org.eclipse.m2e.maven.runtime_3.8.604.20221130-2149\jars\plexus-utils-3.3.1.jar
2023-12-28 13:08:06,668 [Worker-26: Launching Employee_Service] INFO  o.eclipse.m2e.core.internal.Bundles - 	Entry: C:\Digital\sts-4.17.1.RELEASE\plugins\org.eclipse.m2e.maven.runtime_3.8.604.20221130-2149\jars\wagon-file-3.5.1.jar
2023-12-28 13:08:06,668 [Worker-26: Launching Employee_Service] INFO  o.eclipse.m2e.core.internal.Bundles - 	Entry: C:\Digital\sts-4.17.1.RELEASE\plugins\org.eclipse.m2e.maven.runtime_3.8.604.20221130-2149\jars\wagon-provider-api-3.5.1.jar
2023-12-28 13:08:06,669 [Worker-26: Launching Employee_Service] INFO  o.eclipse.m2e.core.internal.Bundles - getClasspathEntries(Bundle=com.google.guava_30.1.0.v20221112-0806 [22])
2023-12-28 13:08:06,671 [Worker-26: Launching Employee_Service] INFO  o.eclipse.m2e.core.internal.Bundles - 	Entry: C:\Digital\sts-4.17.1.RELEASE\plugins\com.google.guava_30.1.0.v20221112-0806.jar
2023-12-28 13:08:06,671 [Worker-26: Launching Employee_Service] INFO  o.eclipse.m2e.core.internal.Bundles - getClasspathEntries(Bundle=slf4j.api_1.7.36 [584])
2023-12-28 13:08:06,794 [Worker-26: Launching Employee_Service] INFO  o.eclipse.m2e.core.internal.Bundles - 	Entry: C:\Digital\sts-4.17.1.RELEASE\plugins\slf4j.api_1.7.36.jar
2023-12-28 13:08:06,794 [Worker-26: Launching Employee_Service] INFO  o.eclipse.m2e.core.internal.Bundles - getClasspathEntries(Bundle=javax.inject_1.0.0.v20220405-0441 [49])
2023-12-28 13:08:06,893 [Worker-26: Launching Employee_Service] INFO  o.eclipse.m2e.core.internal.Bundles - 	Entry: C:\Digital\sts-4.17.1.RELEASE\plugins\javax.inject_1.0.0.v20220405-0441.jar
2023-12-28 13:08:06,893 [Worker-26: Launching Employee_Service] INFO  o.eclipse.m2e.core.internal.Bundles - getClasspathEntries(Bundle=javax.annotation_1.3.5.v20221112-0806 [47])
2023-12-28 13:08:07,015 [Worker-26: Launching Employee_Service] INFO  o.eclipse.m2e.core.internal.Bundles - 	Entry: C:\Digital\sts-4.17.1.RELEASE\plugins\javax.annotation_1.3.5.v20221112-0806.jar
2023-12-28 13:08:07,018 [Worker-26: Launching Employee_Service] INFO  o.e.m.i.launch.MavenLaunchDelegate - Run build in "C:\Users\158250\SE_MicroServices_December\Employee_Service":
2023-12-28 13:08:07,022 [Worker-26: Launching Employee_Service] INFO  o.e.m.i.launch.MavenLaunchDelegate -  mvn  -Ppom.xml -B -Dstyle.color=always copmpile
2023-12-28 13:08:15,252 [main] INFO  o.e.m2e.actions.ExecutePomAction - Creating new launch configuration
2023-12-28 13:08:17,392 [Worker-26: Launching Employee_Service (1)] INFO  o.e.m.i.launch.MavenLaunchDelegate - Run build in "C:\Users\158250\SE_MicroServices_December\Employee_Service":
2023-12-28 13:08:17,392 [Worker-26: Launching Employee_Service (1)] INFO  o.e.m.i.launch.MavenLaunchDelegate -  mvn  -Ppom.xml -B -Dstyle.color=always compile
2023-12-28 13:35:16,085 [Worker-30: Updating Maven Project] INFO  o.e.m.c.i.p.ProjectConfigurationManager - Update started
2023-12-28 13:35:16,581 [Worker-30: Updating Maven Project] INFO  o.e.m.c.i.l.LifecycleMappingFactory - Using org.eclipse.m2e.jdt.JarLifecycleMapping lifecycle mapping for MavenProject: com.example:Employee_Service:0.0.1-SNAPSHOT @ C:\Users\158250\SE_MicroServices_December\Employee_Service\pom.xml.
2023-12-28 13:35:19,393 [Worker-30: Updating Maven Project] INFO  o.e.m.j.i.AbstractJavaProjectConfigurator - Adding source folder /Employee_Service/src/main/java
2023-12-28 13:35:19,394 [Worker-30: Updating Maven Project] INFO  o.e.m.j.i.AbstractJavaProjectConfigurator - Adding resource folder /Employee_Service/src/main/resources
2023-12-28 13:35:19,394 [Worker-30: Updating Maven Project] INFO  o.e.m.j.i.AbstractJavaProjectConfigurator - Adding resource folder /Employee_Service/src/main/resources
2023-12-28 13:35:19,394 [Worker-30: Updating Maven Project] INFO  o.e.m.j.i.AbstractJavaProjectConfigurator - Adding source folder /Employee_Service/src/test/java
2023-12-28 13:35:19,696 [Worker-30: Updating Maven Project] INFO  o.e.m.c.i.p.ProjectConfigurationManager - Update completed for 1 poms: local refresh takes 0.00 sec, refresh facades takes 3.00 sec, update config takes 0.00 sec 
2023-12-28 13:35:48,884 [Worker-23: Building] INFO  o.e.m.c.i.l.LifecycleMappingFactory - Using org.eclipse.m2e.jdt.JarLifecycleMapping lifecycle mapping for MavenProject: com.example:Employee_Service:0.0.1-SNAPSHOT @ C:\Users\158250\SE_MicroServices_December\Employee_Service\pom.xml.
2023-12-28 13:35:49,547 [Worker-23: Building] INFO  o.a.m.s.f.DefaultMavenResourcesFiltering - Copying 0 resource from src\main\resources to target\classes
2023-12-28 13:35:49,547 [Worker-23: Building] INFO  o.a.m.s.f.DefaultMavenResourcesFiltering - Copying 0 resource from src\main\resources to target\classes
2023-12-28 13:35:49,550 [Worker-23: Building] INFO  o.a.m.s.f.DefaultMavenResourcesFiltering - skip non existing resourceDirectory C:\Users\158250\SE_MicroServices_December\Employee_Service\src\test\resources
2023-12-28 13:35:50,837 [Worker-31: Building] INFO  o.a.m.s.f.DefaultMavenResourcesFiltering - Copying 1 resource from src\main\resources to target\classes
2023-12-28 13:35:50,857 [Worker-31: Building] INFO  o.a.m.s.f.DefaultMavenResourcesFiltering - Copying 0 resource from src\main\resources to target\classes
2023-12-28 13:35:50,860 [Worker-31: Building] INFO  o.a.m.s.f.DefaultMavenResourcesFiltering - skip non existing resourceDirectory C:\Users\158250\SE_MicroServices_December\Employee_Service\src\test\resources
2023-12-28 13:41:33,531 [Worker-31: Building] INFO  o.a.m.s.f.DefaultMavenResourcesFiltering - Copying 1 resource from src\main\resources to target\classes
2023-12-28 13:41:33,541 [Worker-31: Building] INFO  o.a.m.s.f.DefaultMavenResourcesFiltering - Copying 0 resource from src\main\resources to target\classes
2023-12-28 13:41:33,546 [Worker-31: Building] INFO  o.a.m.s.f.DefaultMavenResourcesFiltering - skip non existing resourceDirectory C:\Users\158250\SE_MicroServices_December\Employee_Service\src\test\resources
2023-12-28 13:44:21,557 [Worker-39: Building] INFO  o.a.m.s.f.DefaultMavenResourcesFiltering - Copying 1 resource from src\main\resources to target\classes
2023-12-28 13:44:21,573 [Worker-39: Building] INFO  o.a.m.s.f.DefaultMavenResourcesFiltering - Copying 0 resource from src\main\resources to target\classes
2023-12-28 13:44:21,576 [Worker-39: Building] INFO  o.a.m.s.f.DefaultMavenResourcesFiltering - skip non existing resourceDirectory C:\Users\158250\SE_MicroServices_December\Employee_Service\src\test\resources
2023-12-28 13:45:10,374 [Worker-31: Building] INFO  o.a.m.s.f.DefaultMavenResourcesFiltering - Copying 1 resource from src\main\resources to target\classes
2023-12-28 13:45:10,385 [Worker-31: Building] INFO  o.a.m.s.f.DefaultMavenResourcesFiltering - Copying 0 resource from src\main\resources to target\classes
2023-12-28 13:45:10,387 [Worker-31: Building] INFO  o.a.m.s.f.DefaultMavenResourcesFiltering - skip non existing resourceDirectory C:\Users\158250\SE_MicroServices_December\Employee_Service\src\test\resources
2023-12-28 13:45:23,857 [Worker-36: Updating Maven Project] INFO  o.e.m.c.i.p.ProjectConfigurationManager - Update started
2023-12-28 13:45:24,976 [Worker-36: Updating Maven Project] INFO  o.e.m.c.i.l.LifecycleMappingFactory - Using org.eclipse.m2e.jdt.JarLifecycleMapping lifecycle mapping for MavenProject: com.example:Employee_Service:0.0.1-SNAPSHOT @ C:\Users\158250\SE_MicroServices_December\Employee_Service\pom.xml.
2023-12-28 13:45:26,858 [Worker-36: Updating Maven Project] INFO  o.e.m.j.i.AbstractJavaProjectConfigurator - Adding source folder /Employee_Service/src/main/java
2023-12-28 13:45:26,859 [Worker-36: Updating Maven Project] INFO  o.e.m.j.i.AbstractJavaProjectConfigurator - Adding resource folder /Employee_Service/src/main/resources
2023-12-28 13:45:26,859 [Worker-36: Updating Maven Project] INFO  o.e.m.j.i.AbstractJavaProjectConfigurator - Adding resource folder /Employee_Service/src/main/resources
2023-12-28 13:45:26,859 [Worker-36: Updating Maven Project] INFO  o.e.m.j.i.AbstractJavaProjectConfigurator - Adding source folder /Employee_Service/src/test/java
2023-12-28 13:45:27,245 [Worker-36: Updating Maven Project] INFO  o.e.m.c.i.p.ProjectConfigurationManager - Update completed for 1 poms: local refresh takes 0.00 sec, refresh facades takes 2.00 sec, update config takes 0.00 sec 
2023-12-28 13:45:40,772 [main] INFO  o.e.m2e.actions.ExecutePomAction - Creating new launch configuration
2023-12-28 13:45:46,584 [Worker-40: Launching Employee_Service (2)] INFO  o.e.m.i.launch.MavenLaunchDelegate - Run build in "C:\Users\158250\SE_MicroServices_December\Employee_Service":
2023-12-28 13:45:46,584 [Worker-40: Launching Employee_Service (2)] INFO  o.e.m.i.launch.MavenLaunchDelegate -  mvn  -Ppom.xml -B -Dstyle.color=always compile
2023-12-28 13:52:17,625 [Worker-46: Import Getting Started Content] INFO  o.e.m.c.i.l.LifecycleMappingFactory - Using org.eclipse.m2e.jdt.JarLifecycleMapping lifecycle mapping for MavenProject: com.example:Address_Service:0.0.1-SNAPSHOT @ C:\Users\158250\SE_MicroServices_December\Address_Service\pom.xml.
2023-12-28 13:52:19,775 [Worker-46: Import Getting Started Content] INFO  o.e.m.j.i.AbstractJavaProjectConfigurator - Adding source folder /Address_Service/src/main/java
2023-12-28 13:52:19,776 [Worker-46: Import Getting Started Content] INFO  o.e.m.j.i.AbstractJavaProjectConfigurator - Adding resource folder /Address_Service/src/main/resources
2023-12-28 13:52:19,787 [Worker-46: Import Getting Started Content] INFO  o.e.m.j.i.AbstractJavaProjectConfigurator - Adding resource folder /Address_Service/src/main/resources
2023-12-28 13:52:19,798 [Worker-46: Import Getting Started Content] INFO  o.e.m.j.i.AbstractJavaProjectConfigurator - Adding source folder /Address_Service/src/test/java
2023-12-28 13:52:23,019 [Worker-46: Import Getting Started Content] INFO  o.e.m.c.i.p.ProjectConfigurationManager - Imported and configured 1 project(s) in 6 sec
2023-12-28 13:52:23,021 [Worker-46: Import Getting Started Content] INFO  o.e.m.c.i.p.ProjectConfigurationManager - Update started
2023-12-28 13:52:23,165 [Worker-46: Import Getting Started Content] INFO  o.e.m.c.i.l.LifecycleMappingFactory - Using org.eclipse.m2e.jdt.JarLifecycleMapping lifecycle mapping for MavenProject: com.example:Address_Service:0.0.1-SNAPSHOT @ C:\Users\158250\SE_MicroServices_December\Address_Service\pom.xml.
2023-12-28 13:52:23,455 [Worker-46: Import Getting Started Content] INFO  o.e.m.j.i.AbstractJavaProjectConfigurator - Adding source folder /Address_Service/src/main/java
2023-12-28 13:52:23,455 [Worker-46: Import Getting Started Content] INFO  o.e.m.j.i.AbstractJavaProjectConfigurator - Adding resource folder /Address_Service/src/main/resources
2023-12-28 13:52:23,455 [Worker-46: Import Getting Started Content] INFO  o.e.m.j.i.AbstractJavaProjectConfigurator - Adding resource folder /Address_Service/src/main/resources
2023-12-28 13:52:23,455 [Worker-46: Import Getting Started Content] INFO  o.e.m.j.i.AbstractJavaProjectConfigurator - Adding source folder /Address_Service/src/test/java
2023-12-28 13:52:23,703 [Worker-46: Import Getting Started Content] INFO  o.e.m.c.i.p.ProjectConfigurationManager - Update completed for 1 poms: local refresh takes 0.00 sec, refresh facades takes 0.00 sec, update config takes 0.00 sec 
2023-12-28 13:52:56,315 [Worker-46: Building] INFO  o.e.m.c.i.l.LifecycleMappingFactory - Using org.eclipse.m2e.jdt.JarLifecycleMapping lifecycle mapping for MavenProject: com.example:Address_Service:0.0.1-SNAPSHOT @ C:\Users\158250\SE_MicroServices_December\Address_Service\pom.xml.
2023-12-28 13:52:56,862 [Worker-46: Building] INFO  o.a.m.s.f.DefaultMavenResourcesFiltering - Copying 0 resource from src\main\resources to target\classes
2023-12-28 13:52:56,863 [Worker-46: Building] INFO  o.a.m.s.f.DefaultMavenResourcesFiltering - Copying 0 resource from src\main\resources to target\classes
2023-12-28 13:52:56,866 [Worker-46: Building] INFO  o.a.m.s.f.DefaultMavenResourcesFiltering - skip non existing resourceDirectory C:\Users\158250\SE_MicroServices_December\Address_Service\src\test\resources
2023-12-28 13:52:58,062 [Worker-50: Building] INFO  o.a.m.s.f.DefaultMavenResourcesFiltering - Copying 1 resource from src\main\resources to target\classes
2023-12-28 13:52:58,075 [Worker-50: Building] INFO  o.a.m.s.f.DefaultMavenResourcesFiltering - Copying 0 resource from src\main\resources to target\classes
2023-12-28 13:52:58,077 [Worker-50: Building] INFO  o.a.m.s.f.DefaultMavenResourcesFiltering - skip non existing resourceDirectory C:\Users\158250\SE_MicroServices_December\Address_Service\src\test\resources
2023-12-28 13:53:10,621 [Worker-45: Updating Maven Project] INFO  o.e.m.c.i.p.ProjectConfigurationManager - Update started
2023-12-28 13:53:10,723 [Worker-45: Updating Maven Project] INFO  o.e.m.c.i.l.LifecycleMappingFactory - Using org.eclipse.m2e.jdt.JarLifecycleMapping lifecycle mapping for MavenProject: com.example:Address_Service:0.0.1-SNAPSHOT @ C:\Users\158250\SE_MicroServices_December\Address_Service\pom.xml.
2023-12-28 13:53:10,947 [Worker-45: Updating Maven Project] INFO  o.e.m.j.i.AbstractJavaProjectConfigurator - Adding source folder /Address_Service/src/main/java
2023-12-28 13:53:10,948 [Worker-45: Updating Maven Project] INFO  o.e.m.j.i.AbstractJavaProjectConfigurator - Adding resource folder /Address_Service/src/main/resources
2023-12-28 13:53:10,948 [Worker-45: Updating Maven Project] INFO  o.e.m.j.i.AbstractJavaProjectConfigurator - Adding resource folder /Address_Service/src/main/resources
2023-12-28 13:53:10,948 [Worker-45: Updating Maven Project] INFO  o.e.m.j.i.AbstractJavaProjectConfigurator - Adding source folder /Address_Service/src/test/java
2023-12-28 13:53:11,173 [Worker-45: Updating Maven Project] INFO  o.e.m.c.i.p.ProjectConfigurationManager - Update completed for 1 poms: local refresh takes 0.00 sec, refresh facades takes 0.00 sec, update config takes 0.00 sec 
2023-12-28 14:01:14,357 [Worker-52: Updating Maven Project] INFO  o.e.m.c.i.p.ProjectConfigurationManager - Update started
2023-12-28 14:01:15,301 [Worker-52: Updating Maven Project] INFO  o.e.m.c.i.l.LifecycleMappingFactory - Using org.eclipse.m2e.jdt.JarLifecycleMapping lifecycle mapping for MavenProject: com.example:Address_Service:0.0.1-SNAPSHOT @ C:\Users\158250\SE_MicroServices_December\Address_Service\pom.xml.
2023-12-28 14:01:19,161 [Worker-52: Updating Maven Project] INFO  o.e.m.j.i.AbstractJavaProjectConfigurator - Adding source folder /Address_Service/src/main/java
2023-12-28 14:01:19,162 [Worker-52: Updating Maven Project] INFO  o.e.m.j.i.AbstractJavaProjectConfigurator - Adding resource folder /Address_Service/src/main/resources
2023-12-28 14:01:19,162 [Worker-52: Updating Maven Project] INFO  o.e.m.j.i.AbstractJavaProjectConfigurator - Adding resource folder /Address_Service/src/main/resources
2023-12-28 14:01:19,162 [Worker-52: Updating Maven Project] INFO  o.e.m.j.i.AbstractJavaProjectConfigurator - Adding source folder /Address_Service/src/test/java
2023-12-28 14:01:19,393 [Worker-52: Updating Maven Project] INFO  o.e.m.c.i.p.ProjectConfigurationManager - Update completed for 1 poms: local refresh takes 0.00 sec, refresh facades takes 4.00 sec, update config takes 0.00 sec 
2023-12-28 14:31:18,229 [main] INFO  o.e.m2e.actions.ExecutePomAction - Creating new launch configuration
2023-12-28 14:31:20,642 [Worker-57: Launching Address_Service] INFO  o.e.m.i.launch.MavenLaunchDelegate - Run build in "C:\Users\158250\SE_MicroServices_December\Address_Service":
2023-12-28 14:31:20,642 [Worker-57: Launching Address_Service] INFO  o.e.m.i.launch.MavenLaunchDelegate -  mvn  -Ppom.xml -B -Dstyle.color=always compile
2023-12-28 14:32:07,232 [Worker-57: Updating Maven Project] INFO  o.e.m.c.i.p.ProjectConfigurationManager - Update started
2023-12-28 14:32:07,690 [Worker-57: Updating Maven Project] INFO  o.e.m.c.i.l.LifecycleMappingFactory - Using org.eclipse.m2e.jdt.JarLifecycleMapping lifecycle mapping for MavenProject: com.example:Address_Service:0.0.1-SNAPSHOT @ C:\Users\158250\SE_MicroServices_December\Address_Service\pom.xml.
2023-12-28 14:32:07,922 [Worker-57: Updating Maven Project] INFO  o.e.m.j.i.AbstractJavaProjectConfigurator - Adding source folder /Address_Service/src/main/java
2023-12-28 14:32:07,922 [Worker-57: Updating Maven Project] INFO  o.e.m.j.i.AbstractJavaProjectConfigurator - Adding resource folder /Address_Service/src/main/resources
2023-12-28 14:32:07,922 [Worker-57: Updating Maven Project] INFO  o.e.m.j.i.AbstractJavaProjectConfigurator - Adding resource folder /Address_Service/src/main/resources
2023-12-28 14:32:07,923 [Worker-57: Updating Maven Project] INFO  o.e.m.j.i.AbstractJavaProjectConfigurator - Adding source folder /Address_Service/src/test/java
2023-12-28 14:32:08,246 [Worker-57: Updating Maven Project] INFO  o.e.m.c.i.p.ProjectConfigurationManager - Update completed for 1 poms: local refresh takes 0.00 sec, refresh facades takes 0.00 sec, update config takes 0.00 sec 
2023-12-28 14:32:23,573 [main] INFO  o.e.m2e.actions.ExecutePomAction - Creating new launch configuration
2023-12-28 14:32:25,558 [Worker-66: Launching Address_Service (1)] INFO  o.e.m.i.launch.MavenLaunchDelegate - Run build in "C:\Users\158250\SE_MicroServices_December\Address_Service":
2023-12-28 14:32:25,558 [Worker-66: Launching Address_Service (1)] INFO  o.e.m.i.launch.MavenLaunchDelegate -  mvn  -Ppom.xml -B -Dstyle.color=always compile
2023-12-28 14:39:58,609 [Worker-69: Updating Maven Project] INFO  o.e.m.c.i.p.ProjectConfigurationManager - Update started
2023-12-28 14:39:58,839 [Worker-69: Updating Maven Project] INFO  o.e.m.c.i.l.LifecycleMappingFactory - Using org.eclipse.m2e.jdt.JarLifecycleMapping lifecycle mapping for MavenProject: com.example:Address_Service:0.0.1-SNAPSHOT @ C:\Users\158250\SE_MicroServices_December\Address_Service\pom.xml.
2023-12-28 14:39:59,180 [Worker-69: Updating Maven Project] INFO  o.e.m.j.i.AbstractJavaProjectConfigurator - Adding source folder /Address_Service/src/main/java
2023-12-28 14:39:59,180 [Worker-69: Updating Maven Project] INFO  o.e.m.j.i.AbstractJavaProjectConfigurator - Adding resource folder /Address_Service/src/main/resources
2023-12-28 14:39:59,180 [Worker-69: Updating Maven Project] INFO  o.e.m.j.i.AbstractJavaProjectConfigurator - Adding resource folder /Address_Service/src/main/resources
2023-12-28 14:39:59,180 [Worker-69: Updating Maven Project] INFO  o.e.m.j.i.AbstractJavaProjectConfigurator - Adding source folder /Address_Service/src/test/java
2023-12-28 14:39:59,434 [Worker-69: Updating Maven Project] INFO  o.e.m.c.i.p.ProjectConfigurationManager - Update completed for 1 poms: local refresh takes 0.00 sec, refresh facades takes 0.00 sec, update config takes 0.00 sec 
2023-12-28 14:40:20,267 [main] INFO  o.e.m2e.actions.ExecutePomAction - Creating new launch configuration
2023-12-28 14:40:22,697 [Worker-76: Launching Address_Service (2)] INFO  o.e.m.i.launch.MavenLaunchDelegate - Run build in "C:\Users\158250\SE_MicroServices_December\Address_Service":
2023-12-28 14:40:22,697 [Worker-76: Launching Address_Service (2)] INFO  o.e.m.i.launch.MavenLaunchDelegate -  mvn  -Ppom.xml -B -Dstyle.color=always compile
2023-12-28 14:49:59,603 [Worker-81: Building] INFO  o.e.m.c.i.l.LifecycleMappingFactory - Using org.eclipse.m2e.jdt.JarLifecycleMapping lifecycle mapping for MavenProject: com.example:Employee_Service:0.0.1-SNAPSHOT @ C:\Users\158250\SE_MicroServices_December\Employee_Service\pom.xml.
2023-12-28 14:50:05,063 [Worker-81: Building] INFO  o.a.m.s.f.DefaultMavenResourcesFiltering - Copying 0 resource from src\main\resources to target\classes
2023-12-28 14:50:05,063 [Worker-81: Building] INFO  o.a.m.s.f.DefaultMavenResourcesFiltering - Copying 0 resource from src\main\resources to target\classes
2023-12-28 14:50:05,067 [Worker-81: Building] INFO  o.a.m.s.f.DefaultMavenResourcesFiltering - skip non existing resourceDirectory C:\Users\158250\SE_MicroServices_December\Employee_Service\src\test\resources
2023-12-28 14:50:05,089 [Worker-86: Updating Maven Project] INFO  o.e.m.c.i.p.ProjectConfigurationManager - Update started
2023-12-28 14:50:05,328 [Worker-86: Updating Maven Project] INFO  o.e.m.c.i.l.LifecycleMappingFactory - Using org.eclipse.m2e.jdt.JarLifecycleMapping lifecycle mapping for MavenProject: com.example:Employee_Service:0.0.1-SNAPSHOT @ C:\Users\158250\SE_MicroServices_December\Employee_Service\pom.xml.
2023-12-28 14:50:05,928 [Worker-86: Updating Maven Project] INFO  o.e.m.j.i.AbstractJavaProjectConfigurator - Adding source folder /Employee_Service/src/main/java
2023-12-28 14:50:05,928 [Worker-86: Updating Maven Project] INFO  o.e.m.j.i.AbstractJavaProjectConfigurator - Adding resource folder /Employee_Service/src/main/resources
2023-12-28 14:50:05,928 [Worker-86: Updating Maven Project] INFO  o.e.m.j.i.AbstractJavaProjectConfigurator - Adding resource folder /Employee_Service/src/main/resources
2023-12-28 14:50:05,928 [Worker-86: Updating Maven Project] INFO  o.e.m.j.i.AbstractJavaProjectConfigurator - Adding source folder /Employee_Service/src/test/java
2023-12-28 14:50:06,843 [Worker-86: Updating Maven Project] INFO  o.e.m.c.i.p.ProjectConfigurationManager - Update completed for 1 poms: local refresh takes 0.00 sec, refresh facades takes 0.00 sec, update config takes 0.00 sec 
2023-12-28 14:50:24,068 [main] INFO  o.e.m2e.actions.ExecutePomAction - Creating new launch configuration
2023-12-28 14:50:27,727 [Worker-87: Launching Employee_Service (3)] INFO  o.e.m.i.launch.MavenLaunchDelegate - Run build in "C:\Users\158250\SE_MicroServices_December\Employee_Service":
2023-12-28 14:50:27,728 [Worker-87: Launching Employee_Service (3)] INFO  o.e.m.i.launch.MavenLaunchDelegate -  mvn  -Ppom.xml -B -Dstyle.color=always compile
2023-12-28 14:51:07,213 [Worker-91: Updating Maven Project] INFO  o.e.m.c.i.p.ProjectConfigurationManager - Update started
2023-12-28 14:51:07,366 [Worker-91: Updating Maven Project] INFO  o.e.m.c.i.l.LifecycleMappingFactory - Using org.eclipse.m2e.jdt.JarLifecycleMapping lifecycle mapping for MavenProject: com.example:Employee_Service:0.0.1-SNAPSHOT @ C:\Users\158250\SE_MicroServices_December\Employee_Service\pom.xml.
2023-12-28 14:51:07,871 [Worker-91: Updating Maven Project] INFO  o.e.m.j.i.AbstractJavaProjectConfigurator - Adding source folder /Employee_Service/src/main/java
2023-12-28 14:51:07,872 [Worker-91: Updating Maven Project] INFO  o.e.m.j.i.AbstractJavaProjectConfigurator - Adding resource folder /Employee_Service/src/main/resources
2023-12-28 14:51:07,873 [Worker-91: Updating Maven Project] INFO  o.e.m.j.i.AbstractJavaProjectConfigurator - Adding resource folder /Employee_Service/src/main/resources
2023-12-28 14:51:07,873 [Worker-91: Updating Maven Project] INFO  o.e.m.j.i.AbstractJavaProjectConfigurator - Adding source folder /Employee_Service/src/test/java
2023-12-28 14:51:08,162 [Worker-91: Updating Maven Project] INFO  o.e.m.c.i.p.ProjectConfigurationManager - Update completed for 1 poms: local refresh takes 0.00 sec, refresh facades takes 0.00 sec, update config takes 0.00 sec 
2023-12-28 14:51:15,705 [main] INFO  o.e.m2e.actions.ExecutePomAction - Creating new launch configuration
2023-12-28 14:51:18,221 [Worker-89: Launching Employee_Service (4)] INFO  o.e.m.i.launch.MavenLaunchDelegate - Run build in "C:\Users\158250\SE_MicroServices_December\Employee_Service":
2023-12-28 14:51:18,221 [Worker-89: Launching Employee_Service (4)] INFO  o.e.m.i.launch.MavenLaunchDelegate -  mvn  -Ppom.xml -B -Dstyle.color=always compile
2023-12-28 15:32:38,032 [Worker-99: Building] INFO  o.e.m.c.i.l.LifecycleMappingFactory - Using org.eclipse.m2e.jdt.JarLifecycleMapping lifecycle mapping for MavenProject: com.example:Employee_Service:0.0.1-SNAPSHOT @ C:\Users\158250\SE_MicroServices_December\Employee_Service\pom.xml.
2023-12-28 15:32:39,627 [Worker-99: Building] INFO  o.a.m.s.f.DefaultMavenResourcesFiltering - Copying 0 resource from src\main\resources to target\classes
2023-12-28 15:32:39,627 [Worker-99: Building] INFO  o.a.m.s.f.DefaultMavenResourcesFiltering - Copying 0 resource from src\main\resources to target\classes
2023-12-28 15:32:39,628 [Worker-99: Building] INFO  o.a.m.s.f.DefaultMavenResourcesFiltering - skip non existing resourceDirectory C:\Users\158250\SE_MicroServices_December\Employee_Service\src\test\resources
2023-12-28 15:32:40,978 [Worker-95: Building] INFO  o.a.m.s.f.DefaultMavenResourcesFiltering - Copying 1 resource from src\main\resources to target\classes
2023-12-28 15:32:40,992 [Worker-95: Building] INFO  o.a.m.s.f.DefaultMavenResourcesFiltering - Copying 0 resource from src\main\resources to target\classes
2023-12-28 15:32:40,996 [Worker-95: Building] INFO  o.a.m.s.f.DefaultMavenResourcesFiltering - skip non existing resourceDirectory C:\Users\158250\SE_MicroServices_December\Employee_Service\src\test\resources
2023-12-28 15:33:29,218 [Worker-97: Building] INFO  o.a.m.s.f.DefaultMavenResourcesFiltering - Copying 1 resource from src\main\resources to target\classes
2023-12-28 15:33:29,237 [Worker-97: Building] INFO  o.a.m.s.f.DefaultMavenResourcesFiltering - Copying 0 resource from src\main\resources to target\classes
2023-12-28 15:33:29,238 [Worker-97: Building] INFO  o.a.m.s.f.DefaultMavenResourcesFiltering - skip non existing resourceDirectory C:\Users\158250\SE_MicroServices_December\Employee_Service\src\test\resources
2023-12-28 15:34:00,719 [Worker-95: Updating Maven Project] INFO  o.e.m.c.i.p.ProjectConfigurationManager - Update started
2023-12-28 15:34:00,816 [Worker-95: Updating Maven Project] INFO  o.e.m.c.i.l.LifecycleMappingFactory - Using org.eclipse.m2e.jdt.JarLifecycleMapping lifecycle mapping for MavenProject: com.example:Employee_Service:0.0.1-SNAPSHOT @ C:\Users\158250\SE_MicroServices_December\Employee_Service\pom.xml.
2023-12-28 15:34:01,095 [Worker-95: Updating Maven Project] INFO  o.e.m.j.i.AbstractJavaProjectConfigurator - Adding source folder /Employee_Service/src/main/java
2023-12-28 15:34:01,095 [Worker-95: Updating Maven Project] INFO  o.e.m.j.i.AbstractJavaProjectConfigurator - Adding resource folder /Employee_Service/src/main/resources
2023-12-28 15:34:01,095 [Worker-95: Updating Maven Project] INFO  o.e.m.j.i.AbstractJavaProjectConfigurator - Adding resource folder /Employee_Service/src/main/resources
2023-12-28 15:34:01,095 [Worker-95: Updating Maven Project] INFO  o.e.m.j.i.AbstractJavaProjectConfigurator - Adding source folder /Employee_Service/src/test/java
2023-12-28 15:34:01,343 [Worker-95: Updating Maven Project] INFO  o.e.m.c.i.p.ProjectConfigurationManager - Update completed for 1 poms: local refresh takes 0.00 sec, refresh facades takes 0.00 sec, update config takes 0.00 sec 
2023-12-28 15:34:15,951 [Worker-96: Updating Maven Dependencies] INFO  o.e.m.c.i.l.LifecycleMappingFactory - Using org.eclipse.m2e.jdt.JarLifecycleMapping lifecycle mapping for MavenProject: com.example:Employee_Service:0.0.1-SNAPSHOT @ C:\Users\158250\SE_MicroServices_December\Employee_Service\pom.xml.
2023-12-28 15:34:16,325 [Worker-95: Building] INFO  o.a.m.s.f.DefaultMavenResourcesFiltering - Copying 1 resource from src\main\resources to target\classes
2023-12-28 15:34:16,341 [Worker-95: Building] INFO  o.a.m.s.f.DefaultMavenResourcesFiltering - Copying 0 resource from src\main\resources to target\classes
2023-12-28 15:34:16,344 [Worker-95: Building] INFO  o.a.m.s.f.DefaultMavenResourcesFiltering - skip non existing resourceDirectory C:\Users\158250\SE_MicroServices_December\Employee_Service\src\test\resources
2023-12-28 15:34:28,804 [Worker-102: Building] INFO  o.a.m.s.f.DefaultMavenResourcesFiltering - Copying 1 resource from src\main\resources to target\classes
2023-12-28 15:34:28,814 [Worker-102: Building] INFO  o.a.m.s.f.DefaultMavenResourcesFiltering - Copying 0 resource from src\main\resources to target\classes
2023-12-28 15:34:28,818 [Worker-102: Building] INFO  o.a.m.s.f.DefaultMavenResourcesFiltering - skip non existing resourceDirectory C:\Users\158250\SE_MicroServices_December\Employee_Service\src\test\resources
2023-12-28 15:34:42,022 [Worker-97: Launching Executing clean in C__Users_158250_SE_MicroServices_December_Employee_Service] INFO  o.e.m.i.launch.MavenLaunchDelegate - Run build in "C:\Users\158250\SE_MicroServices_December\Employee_Service":
2023-12-28 15:34:42,022 [Worker-97: Launching Executing clean in C__Users_158250_SE_MicroServices_December_Employee_Service] INFO  o.e.m.i.launch.MavenLaunchDelegate -  mvn  -Ppom.xml -B -Dstyle.color=always clean
2023-12-28 15:34:45,207 [Worker-96: Building] INFO  o.a.m.s.f.DefaultMavenResourcesFiltering - Copying 1 resource from src\main\resources to target\classes
2023-12-28 15:34:45,209 [Worker-96: Building] INFO  o.a.m.s.f.DefaultMavenResourcesFiltering - Copying 0 resource from src\main\resources to target\classes
2023-12-28 15:34:45,211 [Worker-96: Building] INFO  o.a.m.s.f.DefaultMavenResourcesFiltering - skip non existing resourceDirectory C:\Users\158250\SE_MicroServices_December\Employee_Service\src\test\resources
2023-12-28 15:34:48,915 [Worker-103: Launching Executing install in C__Users_158250_SE_MicroServices_December_Employee_Service] INFO  o.e.m.i.launch.MavenLaunchDelegate - Run build in "C:\Users\158250\SE_MicroServices_December\Employee_Service":
2023-12-28 15:34:48,915 [Worker-103: Launching Executing install in C__Users_158250_SE_MicroServices_December_Employee_Service] INFO  o.e.m.i.launch.MavenLaunchDelegate -  mvn  -Ppom.xml -B -Dstyle.color=always install
2023-12-28 15:34:53,070 [Worker-96: Building] INFO  o.a.m.s.f.DefaultMavenResourcesFiltering - Copying 0 resource from src\main\resources to target\classes
2023-12-28 15:34:53,070 [Worker-96: Building] INFO  o.a.m.s.f.DefaultMavenResourcesFiltering - Copying 0 resource from src\main\resources to target\classes
2023-12-28 15:34:53,071 [Worker-96: Building] INFO  o.a.m.s.f.DefaultMavenResourcesFiltering - skip non existing resourceDirectory C:\Users\158250\SE_MicroServices_December\Employee_Service\src\test\resources
2023-12-28 15:42:39,607 [Worker-108: Updating Maven Project] INFO  o.e.m.c.i.p.ProjectConfigurationManager - Update started
2023-12-28 15:42:40,726 [Worker-108: Updating Maven Project] INFO  o.e.m.c.i.l.LifecycleMappingFactory - Using org.eclipse.m2e.jdt.JarLifecycleMapping lifecycle mapping for MavenProject: com.example:Employee_Service:0.0.1-SNAPSHOT @ C:\Users\158250\SE_MicroServices_December\Employee_Service\pom.xml.
2023-12-28 15:42:45,885 [Worker-108: Updating Maven Project] INFO  o.e.m.j.i.AbstractJavaProjectConfigurator - Adding source folder /Employee_Service/src/main/java
2023-12-28 15:42:45,886 [Worker-108: Updating Maven Project] INFO  o.e.m.j.i.AbstractJavaProjectConfigurator - Adding resource folder /Employee_Service/src/main/resources
2023-12-28 15:42:45,886 [Worker-108: Updating Maven Project] INFO  o.e.m.j.i.AbstractJavaProjectConfigurator - Adding resource folder /Employee_Service/src/main/resources
2023-12-28 15:42:45,886 [Worker-108: Updating Maven Project] INFO  o.e.m.j.i.AbstractJavaProjectConfigurator - Adding source folder /Employee_Service/src/test/java
2023-12-28 15:42:46,245 [Worker-108: Updating Maven Project] INFO  o.e.m.c.i.p.ProjectConfigurationManager - Update completed for 1 poms: local refresh takes 0.00 sec, refresh facades takes 6.00 sec, update config takes 0.00 sec 
2023-12-28 15:42:58,323 [Worker-110: Launching Executing clean in C__Users_158250_SE_MicroServices_December_Employee_Service] INFO  o.e.m.i.launch.MavenLaunchDelegate - Run build in "C:\Users\158250\SE_MicroServices_December\Employee_Service":
2023-12-28 15:42:58,323 [Worker-110: Launching Executing clean in C__Users_158250_SE_MicroServices_December_Employee_Service] INFO  o.e.m.i.launch.MavenLaunchDelegate -  mvn  -Ppom.xml -B -Dstyle.color=always clean
2023-12-28 15:43:09,807 [Worker-107: Launching Executing install in C__Users_158250_SE_MicroServices_December_Employee_Service] INFO  o.e.m.i.launch.MavenLaunchDelegate - Run build in "C:\Users\158250\SE_MicroServices_December\Employee_Service":
2023-12-28 15:43:09,808 [Worker-107: Launching Executing install in C__Users_158250_SE_MicroServices_December_Employee_Service] INFO  o.e.m.i.launch.MavenLaunchDelegate -  mvn  -Ppom.xml -B -Dstyle.color=always install
2023-12-28 15:44:25,648 [main] INFO  o.e.m2e.actions.ExecutePomAction - Creating new launch configuration
2023-12-28 15:44:28,464 [Worker-89: Launching Employee_Service (5)] INFO  o.e.m.i.launch.MavenLaunchDelegate - Run build in "C:\Users\158250\SE_MicroServices_December\Employee_Service":
2023-12-28 15:44:28,465 [Worker-89: Launching Employee_Service (5)] INFO  o.e.m.i.launch.MavenLaunchDelegate -  mvn  -Ppom.xml -B -Dstyle.color=always compile
2023-12-28 15:44:40,291 [Worker-109: Updating Maven Project] INFO  o.e.m.c.i.p.ProjectConfigurationManager - Update started
2023-12-28 15:44:40,503 [Worker-109: Updating Maven Project] INFO  o.e.m.c.i.l.LifecycleMappingFactory - Using org.eclipse.m2e.jdt.JarLifecycleMapping lifecycle mapping for MavenProject: com.example:Employee_Service:0.0.1-SNAPSHOT @ C:\Users\158250\SE_MicroServices_December\Employee_Service\pom.xml.
2023-12-28 15:44:40,938 [Worker-109: Updating Maven Project] INFO  o.e.m.j.i.AbstractJavaProjectConfigurator - Adding source folder /Employee_Service/src/main/java
2023-12-28 15:44:40,939 [Worker-109: Updating Maven Project] INFO  o.e.m.j.i.AbstractJavaProjectConfigurator - Adding resource folder /Employee_Service/src/main/resources
2023-12-28 15:44:40,939 [Worker-109: Updating Maven Project] INFO  o.e.m.j.i.AbstractJavaProjectConfigurator - Adding resource folder /Employee_Service/src/main/resources
2023-12-28 15:44:40,940 [Worker-109: Updating Maven Project] INFO  o.e.m.j.i.AbstractJavaProjectConfigurator - Adding source folder /Employee_Service/src/test/java
2023-12-28 15:44:41,264 [Worker-109: Updating Maven Project] INFO  o.e.m.c.i.p.ProjectConfigurationManager - Update completed for 1 poms: local refresh takes 0.00 sec, refresh facades takes 0.00 sec, update config takes 0.00 sec 
2023-12-28 15:45:17,594 [main] INFO  o.e.m2e.actions.ExecutePomAction - Creating new launch configuration
2023-12-28 15:45:19,407 [Worker-112: Launching Employee_Service (6)] INFO  o.e.m.i.launch.MavenLaunchDelegate - Run build in "C:\Users\158250\SE_MicroServices_December\Employee_Service":
2023-12-28 15:45:19,407 [Worker-112: Launching Employee_Service (6)] INFO  o.e.m.i.launch.MavenLaunchDelegate -  mvn  -Ppom.xml -B -Dstyle.color=always compile
2023-12-29 11:32:40,686 [main] INFO  o.e.m2e.actions.ExecutePomAction - Creating new launch configuration
2023-12-29 11:32:42,608 [Worker-118: Launching Address_Service (3)] INFO  o.e.m.i.launch.MavenLaunchDelegate - Run build in "C:\Users\158250\SE_MicroServices_December\Address_Service":
2023-12-29 11:32:42,608 [Worker-118: Launching Address_Service (3)] INFO  o.e.m.i.launch.MavenLaunchDelegate -  mvn  -Ppom.xml -B -Dstyle.color=always compile
2023-12-29 11:32:47,105 [Worker-118: Launching Executing clean in C__Users_158250_SE_MicroServices_December_Employee_Service] INFO  o.e.m.i.launch.MavenLaunchDelegate - Run build in "C:\Users\158250\SE_MicroServices_December\Employee_Service":
2023-12-29 11:32:47,106 [Worker-118: Launching Executing clean in C__Users_158250_SE_MicroServices_December_Employee_Service] INFO  o.e.m.i.launch.MavenLaunchDelegate -  mvn  -Ppom.xml -B -Dstyle.color=always clean
2023-12-29 11:32:51,221 [main] INFO  o.e.m2e.actions.ExecutePomAction - Creating new launch configuration
2023-12-29 11:32:53,790 [Worker-117: Launching Employee_Service (7)] INFO  o.e.m.i.launch.MavenLaunchDelegate - Run build in "C:\Users\158250\SE_MicroServices_December\Employee_Service":
2023-12-29 11:32:53,791 [Worker-117: Launching Employee_Service (7)] INFO  o.e.m.i.launch.MavenLaunchDelegate -  mvn  -Ppom.xml -B -Dstyle.color=always compile
2023-12-29 11:38:02,692 [main] INFO  o.e.m2e.actions.ExecutePomAction - Creating new launch configuration
2023-12-29 11:38:04,108 [Worker-129: Launching Employee_Service (8)] INFO  o.e.m.i.launch.MavenLaunchDelegate - Run build in "C:\Users\158250\SE_MicroServices_December\Employee_Service":
2023-12-29 11:38:04,108 [Worker-129: Launching Employee_Service (8)] INFO  o.e.m.i.launch.MavenLaunchDelegate -  mvn  -Ppom.xml -B -Dstyle.color=always compile
2023-12-29 11:38:18,783 [main] INFO  o.e.m2e.actions.ExecutePomAction - Creating new launch configuration
2023-12-29 11:38:22,015 [Worker-126: Launching Address_Service (4)] INFO  o.e.m.i.launch.MavenLaunchDelegate - Run build in "C:\Users\158250\SE_MicroServices_December\Address_Service":
2023-12-29 11:38:22,015 [Worker-126: Launching Address_Service (4)] INFO  o.e.m.i.launch.MavenLaunchDelegate -  mvn  -Ppom.xml -B -Dstyle.color=always compile
2023-12-29 11:45:30,394 [Worker-117: Updating Maven Project] INFO  o.e.m.c.i.p.ProjectConfigurationManager - Update started
2023-12-29 11:45:31,434 [Worker-117: Updating Maven Project] INFO  o.e.m.c.i.l.LifecycleMappingFactory - Using org.eclipse.m2e.jdt.JarLifecycleMapping lifecycle mapping for MavenProject: com.example:Employee_Service:0.0.1-SNAPSHOT @ C:\Users\158250\SE_MicroServices_December\Employee_Service\pom.xml.
2023-12-29 11:45:33,227 [Worker-117: Updating Maven Project] INFO  o.e.m.j.i.AbstractJavaProjectConfigurator - Adding source folder /Employee_Service/src/main/java
2023-12-29 11:45:33,228 [Worker-117: Updating Maven Project] INFO  o.e.m.j.i.AbstractJavaProjectConfigurator - Adding resource folder /Employee_Service/src/main/resources
2023-12-29 11:45:33,228 [Worker-117: Updating Maven Project] INFO  o.e.m.j.i.AbstractJavaProjectConfigurator - Adding resource folder /Employee_Service/src/main/resources
2023-12-29 11:45:33,228 [Worker-117: Updating Maven Project] INFO  o.e.m.j.i.AbstractJavaProjectConfigurator - Adding source folder /Employee_Service/src/test/java
2023-12-29 11:45:33,473 [Worker-117: Updating Maven Project] INFO  o.e.m.c.i.p.ProjectConfigurationManager - Update completed for 1 poms: local refresh takes 0.00 sec, refresh facades takes 2.00 sec, update config takes 0.00 sec 
2023-12-29 11:45:48,786 [main] INFO  o.e.m2e.actions.ExecutePomAction - Creating new launch configuration
2023-12-29 11:45:52,207 [Worker-132: Launching Employee_Service (9)] INFO  o.e.m.i.launch.MavenLaunchDelegate - Run build in "C:\Users\158250\SE_MicroServices_December\Employee_Service":
2023-12-29 11:45:52,207 [Worker-132: Launching Employee_Service (9)] INFO  o.e.m.i.launch.MavenLaunchDelegate -  mvn  -Ppom.xml -B -Dstyle.color=always compile
2023-12-29 11:46:58,072 [Worker-132: Launching Executing install in C__Users_158250_SE_MicroServices_December_Employee_Service] INFO  o.e.m.i.launch.MavenLaunchDelegate - Run build in "C:\Users\158250\SE_MicroServices_December\Employee_Service":
2023-12-29 11:46:58,072 [Worker-132: Launching Executing install in C__Users_158250_SE_MicroServices_December_Employee_Service] INFO  o.e.m.i.launch.MavenLaunchDelegate -  mvn  -Ppom.xml -B -Dstyle.color=always install
2023-12-29 11:47:13,799 [main] INFO  o.e.m2e.actions.ExecutePomAction - Creating new launch configuration
2023-12-29 11:47:35,860 [Worker-132: Updating Maven Project] INFO  o.e.m.c.i.p.ProjectConfigurationManager - Update started
2023-12-29 11:47:35,957 [Worker-132: Updating Maven Project] INFO  o.e.m.c.i.l.LifecycleMappingFactory - Using org.eclipse.m2e.jdt.JarLifecycleMapping lifecycle mapping for MavenProject: com.example:Employee_Service:0.0.1-SNAPSHOT @ C:\Users\158250\SE_MicroServices_December\Employee_Service\pom.xml.
2023-12-29 11:47:36,262 [Worker-132: Updating Maven Project] INFO  o.e.m.j.i.AbstractJavaProjectConfigurator - Adding source folder /Employee_Service/src/main/java
2023-12-29 11:47:36,262 [Worker-132: Updating Maven Project] INFO  o.e.m.j.i.AbstractJavaProjectConfigurator - Adding resource folder /Employee_Service/src/main/resources
2023-12-29 11:47:36,262 [Worker-132: Updating Maven Project] INFO  o.e.m.j.i.AbstractJavaProjectConfigurator - Adding resource folder /Employee_Service/src/main/resources
2023-12-29 11:47:36,263 [Worker-132: Updating Maven Project] INFO  o.e.m.j.i.AbstractJavaProjectConfigurator - Adding source folder /Employee_Service/src/test/java
2023-12-29 11:47:36,588 [Worker-132: Updating Maven Project] INFO  o.e.m.c.i.p.ProjectConfigurationManager - Update completed for 1 poms: local refresh takes 0.00 sec, refresh facades takes 0.00 sec, update config takes 0.00 sec 
2023-12-29 11:47:42,214 [Worker-132: Launching Executing clean in C__Users_158250_SE_MicroServices_December_Employee_Service] INFO  o.e.m.i.launch.MavenLaunchDelegate - Run build in "C:\Users\158250\SE_MicroServices_December\Employee_Service":
2023-12-29 11:47:42,215 [Worker-132: Launching Executing clean in C__Users_158250_SE_MicroServices_December_Employee_Service] INFO  o.e.m.i.launch.MavenLaunchDelegate -  mvn  -Ppom.xml -B -Dstyle.color=always clean
2023-12-29 11:47:48,923 [main] INFO  o.e.m2e.actions.ExecutePomAction - Creating new launch configuration
2023-12-29 11:47:56,717 [Worker-134: Launching Executing install in C__Users_158250_SE_MicroServices_December_Employee_Service] INFO  o.e.m.i.launch.MavenLaunchDelegate - Run build in "C:\Users\158250\SE_MicroServices_December\Employee_Service":
2023-12-29 11:47:56,717 [Worker-134: Launching Executing install in C__Users_158250_SE_MicroServices_December_Employee_Service] INFO  o.e.m.i.launch.MavenLaunchDelegate -  mvn  -Ppom.xml -B -Dstyle.color=always install
2023-12-29 11:51:43,327 [Worker-140: Updating Maven Project] INFO  o.e.m.c.i.p.ProjectConfigurationManager - Update started
2023-12-29 11:51:43,424 [Worker-140: Updating Maven Project] INFO  o.e.m.c.i.l.LifecycleMappingFactory - Using org.eclipse.m2e.jdt.JarLifecycleMapping lifecycle mapping for MavenProject: com.example:Employee_Service:0.0.1-SNAPSHOT @ C:\Users\158250\SE_MicroServices_December\Employee_Service\pom.xml.
2023-12-29 11:51:43,745 [Worker-140: Updating Maven Project] INFO  o.e.m.j.i.AbstractJavaProjectConfigurator - Adding source folder /Employee_Service/src/main/java
2023-12-29 11:51:43,745 [Worker-140: Updating Maven Project] INFO  o.e.m.j.i.AbstractJavaProjectConfigurator - Adding resource folder /Employee_Service/src/main/resources
2023-12-29 11:51:43,745 [Worker-140: Updating Maven Project] INFO  o.e.m.j.i.AbstractJavaProjectConfigurator - Adding resource folder /Employee_Service/src/main/resources
2023-12-29 11:51:43,746 [Worker-140: Updating Maven Project] INFO  o.e.m.j.i.AbstractJavaProjectConfigurator - Adding source folder /Employee_Service/src/test/java
2023-12-29 11:51:43,980 [Worker-140: Updating Maven Project] INFO  o.e.m.c.i.p.ProjectConfigurationManager - Update completed for 1 poms: local refresh takes 0.00 sec, refresh facades takes 0.00 sec, update config takes 0.00 sec 
2023-12-29 11:51:56,280 [main] INFO  o.e.m2e.actions.ExecutePomAction - Creating new launch configuration
2023-12-29 11:51:58,110 [Worker-135: Launching Employee_Service (12)] INFO  o.e.m.i.launch.MavenLaunchDelegate - Run build in "C:\Users\158250\SE_MicroServices_December\Employee_Service":
2023-12-29 11:51:58,110 [Worker-135: Launching Employee_Service (12)] INFO  o.e.m.i.launch.MavenLaunchDelegate -  mvn  -Ppom.xml -B -Dstyle.color=always compile
2024-01-02 12:59:46,476 [Worker-3: Loading available Gradle versions] INFO  o.e.b.c.i.u.g.PublishedGradleVersions - Gradle version information cache is up-to-date. Trying to read.
2024-01-02 13:00:11,342 [Worker-11: Building] INFO  o.a.m.s.f.DefaultMavenResourcesFiltering - Copying 1 resource from src\main\resources to target\classes
2024-01-02 13:00:11,407 [Worker-11: Building] INFO  o.a.m.s.f.DefaultMavenResourcesFiltering - Copying 0 resource from src\main\resources to target\classes
2024-01-02 13:00:11,415 [Worker-11: Building] INFO  o.a.m.s.f.DefaultMavenResourcesFiltering - skip non existing resourceDirectory C:\Users\158250\SE_MicroServices_December\Address_Service\src\test\resources
2024-01-02 13:00:17,389 [Worker-11: Building] INFO  o.a.m.s.f.DefaultMavenResourcesFiltering - Copying 1 resource from src\main\resources to target\classes
2024-01-02 13:00:17,434 [Worker-11: Building] INFO  o.a.m.s.f.DefaultMavenResourcesFiltering - Copying 0 resource from src\main\resources to target\classes
2024-01-02 13:00:17,442 [Worker-11: Building] INFO  o.a.m.s.f.DefaultMavenResourcesFiltering - skip non existing resourceDirectory C:\Users\158250\SE_MicroServices_December\Employee_Service\src\test\resources
2024-01-02 15:56:34,465 [Worker-15: Building] INFO  o.e.m.c.i.l.LifecycleMappingFactory - Using org.eclipse.m2e.jdt.JarLifecycleMapping lifecycle mapping for MavenProject: com.example:Employee_Service:0.0.1-SNAPSHOT @ C:\Users\158250\SE_MicroServices_December\Employee_Service2\pom.xml.
2024-01-02 15:56:38,193 [Worker-15: Building] INFO  o.a.m.s.f.DefaultMavenResourcesFiltering - Copying 1 resource from src\main\resources to target\classes
2024-01-02 15:56:38,211 [Worker-15: Building] INFO  o.a.m.s.f.DefaultMavenResourcesFiltering - Copying 0 resource from src\main\resources to target\classes
2024-01-02 15:56:38,215 [Worker-15: Building] INFO  o.a.m.s.f.DefaultMavenResourcesFiltering - skip non existing resourceDirectory C:\Users\158250\SE_MicroServices_December\Employee_Service2\src\test\resources
2024-01-02 15:56:39,670 [Worker-16: Building] INFO  o.a.m.s.f.DefaultMavenResourcesFiltering - Copying 1 resource from src\main\resources to target\classes
2024-01-02 15:56:39,672 [Worker-16: Building] INFO  o.a.m.s.f.DefaultMavenResourcesFiltering - Copying 0 resource from src\main\resources to target\classes
2024-01-02 15:56:39,677 [Worker-16: Building] INFO  o.a.m.s.f.DefaultMavenResourcesFiltering - skip non existing resourceDirectory C:\Users\158250\SE_MicroServices_December\Employee_Service2\src\test\resources
2024-01-02 15:57:30,170 [Worker-15: Building] INFO  o.a.m.s.f.DefaultMavenResourcesFiltering - Copying 1 resource from src\main\resources to target\classes
2024-01-02 15:57:30,182 [Worker-15: Building] INFO  o.a.m.s.f.DefaultMavenResourcesFiltering - Copying 0 resource from src\main\resources to target\classes
2024-01-02 15:57:30,184 [Worker-15: Building] INFO  o.a.m.s.f.DefaultMavenResourcesFiltering - skip non existing resourceDirectory C:\Users\158250\SE_MicroServices_December\Employee_Service2\src\test\resources
2024-01-02 15:59:56,708 [Worker-21: Building] INFO  o.a.m.s.f.DefaultMavenResourcesFiltering - Copying 1 resource from src\main\resources to target\classes
2024-01-02 15:59:56,787 [Worker-21: Building] INFO  o.a.m.s.f.DefaultMavenResourcesFiltering - Copying 0 resource from src\main\resources to target\classes
2024-01-02 15:59:56,789 [Worker-21: Building] INFO  o.a.m.s.f.DefaultMavenResourcesFiltering - skip non existing resourceDirectory C:\Users\158250\SE_MicroServices_December\Employee_Service2\src\test\resources
2024-01-02 16:00:06,576 [Worker-21: Launching Employee_Service2 - EmployeeServiceApplication] INFO  o.a.m.s.f.DefaultMavenResourcesFiltering - Copying 1 resource from src\main\resources to target\classes
2024-01-02 16:00:06,654 [Worker-21: Launching Employee_Service2 - EmployeeServiceApplication] INFO  o.a.m.s.f.DefaultMavenResourcesFiltering - Copying 0 resource from src\main\resources to target\classes
2024-01-02 16:00:06,656 [Worker-21: Launching Employee_Service2 - EmployeeServiceApplication] INFO  o.a.m.s.f.DefaultMavenResourcesFiltering - skip non existing resourceDirectory C:\Users\158250\SE_MicroServices_December\Employee_Service2\src\test\resources
2024-01-02 16:01:14,261 [Worker-23: Building] INFO  o.a.m.s.f.DefaultMavenResourcesFiltering - Copying 0 resource from src\main\resources to target\classes
2024-01-02 16:01:14,262 [Worker-23: Building] INFO  o.a.m.s.f.DefaultMavenResourcesFiltering - Copying 0 resource from src\main\resources to target\classes
2024-01-02 16:01:14,264 [Worker-23: Building] INFO  o.a.m.s.f.DefaultMavenResourcesFiltering - skip non existing resourceDirectory C:\Users\158250\SE_MicroServices_December\Address_Service\src\test\resources
2024-01-02 16:01:19,677 [Worker-21: Building] INFO  o.a.m.s.f.DefaultMavenResourcesFiltering - Copying 0 resource from src\main\resources to target\classes
2024-01-02 16:01:19,677 [Worker-21: Building] INFO  o.a.m.s.f.DefaultMavenResourcesFiltering - Copying 0 resource from src\main\resources to target\classes
2024-01-02 16:01:19,679 [Worker-21: Building] INFO  o.a.m.s.f.DefaultMavenResourcesFiltering - skip non existing resourceDirectory C:\Users\158250\SE_MicroServices_December\Address_Service\src\test\resources
2024-01-03 10:18:38,937 [Worker-41: Building] INFO  o.a.m.s.f.DefaultMavenResourcesFiltering - Copying 1 resource from src\main\resources to target\classes
2024-01-03 10:18:38,983 [Worker-41: Building] INFO  o.a.m.s.f.DefaultMavenResourcesFiltering - Copying 0 resource from src\main\resources to target\classes
2024-01-03 10:18:38,985 [Worker-41: Building] INFO  o.a.m.s.f.DefaultMavenResourcesFiltering - skip non existing resourceDirectory C:\Users\158250\SE_MicroServices_December\Employee_Service2\src\test\resources
2024-01-03 10:21:41,585 [Worker-41: Building] INFO  o.e.m.c.i.l.LifecycleMappingFactory - Using org.eclipse.m2e.jdt.JarLifecycleMapping lifecycle mapping for MavenProject: com.example:Employee_Service:0.0.1-SNAPSHOT @ C:\Users\158250\SE_MicroServices_December\Employee_Service2\pom.xml.
2024-01-03 10:21:44,674 [Worker-41: Building] INFO  o.a.m.s.f.DefaultMavenResourcesFiltering - Copying 0 resource from src\main\resources to target\classes
2024-01-03 10:21:44,674 [Worker-41: Building] INFO  o.a.m.s.f.DefaultMavenResourcesFiltering - Copying 0 resource from src\main\resources to target\classes
2024-01-03 10:21:44,677 [Worker-41: Building] INFO  o.a.m.s.f.DefaultMavenResourcesFiltering - skip non existing resourceDirectory C:\Users\158250\SE_MicroServices_December\Employee_Service2\src\test\resources
2024-01-03 10:21:44,901 [Worker-44: Updating Maven Project] INFO  o.e.m.c.i.p.ProjectConfigurationManager - Update started
2024-01-03 10:21:45,146 [Worker-44: Updating Maven Project] INFO  o.e.m.c.i.l.LifecycleMappingFactory - Using org.eclipse.m2e.jdt.JarLifecycleMapping lifecycle mapping for MavenProject: com.example:Employee_Service:0.0.1-SNAPSHOT @ C:\Users\158250\SE_MicroServices_December\Employee_Service2\pom.xml.
2024-01-03 10:21:45,485 [Worker-44: Updating Maven Project] INFO  o.e.m.j.i.AbstractJavaProjectConfigurator - Adding source folder /Employee_Service2/src/main/java
2024-01-03 10:21:45,486 [Worker-44: Updating Maven Project] INFO  o.e.m.j.i.AbstractJavaProjectConfigurator - Adding resource folder /Employee_Service2/src/main/resources
2024-01-03 10:21:45,486 [Worker-44: Updating Maven Project] INFO  o.e.m.j.i.AbstractJavaProjectConfigurator - Adding resource folder /Employee_Service2/src/main/resources
2024-01-03 10:21:45,487 [Worker-44: Updating Maven Project] INFO  o.e.m.j.i.AbstractJavaProjectConfigurator - Adding source folder /Employee_Service2/src/test/java
2024-01-03 10:21:45,962 [Worker-44: Updating Maven Project] INFO  o.e.m.c.i.p.ProjectConfigurationManager - Update completed for 1 poms: local refresh takes 0.00 sec, refresh facades takes 0.00 sec, update config takes 0.00 sec 
2024-01-03 10:21:53,754 [main] INFO  o.e.m2e.actions.ExecutePomAction - Creating new launch configuration
2024-01-03 10:22:00,414 [Worker-48: Launching Employee_Service2] INFO  o.eclipse.m2e.core.internal.Bundles - getClasspathEntries(Bundle=org.eclipse.m2e.maven.runtime_3.8.604.20221130-2149 [345])
2024-01-03 10:22:00,428 [Worker-48: Launching Employee_Service2] INFO  o.eclipse.m2e.core.internal.Bundles - 	Entry: C:\Digital\sts-4.17.1.RELEASE\plugins\org.eclipse.m2e.maven.runtime_3.8.604.20221130-2149
2024-01-03 10:22:00,430 [Worker-48: Launching Employee_Service2] INFO  o.eclipse.m2e.core.internal.Bundles - 	Entry: C:\Digital\sts-4.17.1.RELEASE\plugins\org.eclipse.m2e.maven.runtime_3.8.604.20221130-2149\jars\aether-connector-okhttp-0.17.8.jar
2024-01-03 10:22:00,430 [Worker-48: Launching Employee_Service2] INFO  o.eclipse.m2e.core.internal.Bundles - 	Entry: C:\Digital\sts-4.17.1.RELEASE\plugins\org.eclipse.m2e.maven.runtime_3.8.604.20221130-2149\jars\commons-cli-1.4.jar
2024-01-03 10:22:00,431 [Worker-48: Launching Employee_Service2] INFO  o.eclipse.m2e.core.internal.Bundles - 	Entry: C:\Digital\sts-4.17.1.RELEASE\plugins\org.eclipse.m2e.maven.runtime_3.8.604.20221130-2149\jars\commons-io-2.6.jar
2024-01-03 10:22:00,431 [Worker-48: Launching Employee_Service2] INFO  o.eclipse.m2e.core.internal.Bundles - 	Entry: C:\Digital\sts-4.17.1.RELEASE\plugins\org.eclipse.m2e.maven.runtime_3.8.604.20221130-2149\jars\commons-lang3-3.8.1.jar
2024-01-03 10:22:00,431 [Worker-48: Launching Employee_Service2] INFO  o.eclipse.m2e.core.internal.Bundles - 	Entry: C:\Digital\sts-4.17.1.RELEASE\plugins\org.eclipse.m2e.maven.runtime_3.8.604.20221130-2149\jars\guice-4.2.2-no_aop.jar
2024-01-03 10:22:00,431 [Worker-48: Launching Employee_Service2] INFO  o.eclipse.m2e.core.internal.Bundles - 	Entry: C:\Digital\sts-4.17.1.RELEASE\plugins\org.eclipse.m2e.maven.runtime_3.8.604.20221130-2149\jars\jansi-2.4.0.jar
2024-01-03 10:22:00,432 [Worker-48: Launching Employee_Service2] INFO  o.eclipse.m2e.core.internal.Bundles - 	Entry: C:\Digital\sts-4.17.1.RELEASE\plugins\org.eclipse.m2e.maven.runtime_3.8.604.20221130-2149\jars\maven-artifact-3.8.6.jar
2024-01-03 10:22:00,432 [Worker-48: Launching Employee_Service2] INFO  o.eclipse.m2e.core.internal.Bundles - 	Entry: C:\Digital\sts-4.17.1.RELEASE\plugins\org.eclipse.m2e.maven.runtime_3.8.604.20221130-2149\jars\maven-builder-support-3.8.6.jar
2024-01-03 10:22:00,433 [Worker-48: Launching Employee_Service2] INFO  o.eclipse.m2e.core.internal.Bundles - 	Entry: C:\Digital\sts-4.17.1.RELEASE\plugins\org.eclipse.m2e.maven.runtime_3.8.604.20221130-2149\jars\maven-compat-3.8.6.jar
2024-01-03 10:22:00,433 [Worker-48: Launching Employee_Service2] INFO  o.eclipse.m2e.core.internal.Bundles - 	Entry: C:\Digital\sts-4.17.1.RELEASE\plugins\org.eclipse.m2e.maven.runtime_3.8.604.20221130-2149\jars\maven-core-3.8.6.jar
2024-01-03 10:22:00,433 [Worker-48: Launching Employee_Service2] INFO  o.eclipse.m2e.core.internal.Bundles - 	Entry: C:\Digital\sts-4.17.1.RELEASE\plugins\org.eclipse.m2e.maven.runtime_3.8.604.20221130-2149\jars\maven-embedder-3.8.6.jar
2024-01-03 10:22:00,433 [Worker-48: Launching Employee_Service2] INFO  o.eclipse.m2e.core.internal.Bundles - 	Entry: C:\Digital\sts-4.17.1.RELEASE\plugins\org.eclipse.m2e.maven.runtime_3.8.604.20221130-2149\jars\maven-model-3.8.6.jar
2024-01-03 10:22:00,433 [Worker-48: Launching Employee_Service2] INFO  o.eclipse.m2e.core.internal.Bundles - 	Entry: C:\Digital\sts-4.17.1.RELEASE\plugins\org.eclipse.m2e.maven.runtime_3.8.604.20221130-2149\jars\maven-model-builder-3.8.6.jar
2024-01-03 10:22:00,433 [Worker-48: Launching Employee_Service2] INFO  o.eclipse.m2e.core.internal.Bundles - 	Entry: C:\Digital\sts-4.17.1.RELEASE\plugins\org.eclipse.m2e.maven.runtime_3.8.604.20221130-2149\jars\maven-plugin-api-3.8.6.jar
2024-01-03 10:22:00,434 [Worker-48: Launching Employee_Service2] INFO  o.eclipse.m2e.core.internal.Bundles - 	Entry: C:\Digital\sts-4.17.1.RELEASE\plugins\org.eclipse.m2e.maven.runtime_3.8.604.20221130-2149\jars\maven-repository-metadata-3.8.6.jar
2024-01-03 10:22:00,434 [Worker-48: Launching Employee_Service2] INFO  o.eclipse.m2e.core.internal.Bundles - 	Entry: C:\Digital\sts-4.17.1.RELEASE\plugins\org.eclipse.m2e.maven.runtime_3.8.604.20221130-2149\jars\maven-resolver-api-1.6.3.jar
2024-01-03 10:22:00,434 [Worker-48: Launching Employee_Service2] INFO  o.eclipse.m2e.core.internal.Bundles - 	Entry: C:\Digital\sts-4.17.1.RELEASE\plugins\org.eclipse.m2e.maven.runtime_3.8.604.20221130-2149\jars\maven-resolver-connector-basic-1.6.3.jar
2024-01-03 10:22:00,434 [Worker-48: Launching Employee_Service2] INFO  o.eclipse.m2e.core.internal.Bundles - 	Entry: C:\Digital\sts-4.17.1.RELEASE\plugins\org.eclipse.m2e.maven.runtime_3.8.604.20221130-2149\jars\maven-resolver-impl-1.6.3.jar
2024-01-03 10:22:00,435 [Worker-48: Launching Employee_Service2] INFO  o.eclipse.m2e.core.internal.Bundles - 	Entry: C:\Digital\sts-4.17.1.RELEASE\plugins\org.eclipse.m2e.maven.runtime_3.8.604.20221130-2149\jars\maven-resolver-provider-3.8.6.jar
2024-01-03 10:22:00,435 [Worker-48: Launching Employee_Service2] INFO  o.eclipse.m2e.core.internal.Bundles - 	Entry: C:\Digital\sts-4.17.1.RELEASE\plugins\org.eclipse.m2e.maven.runtime_3.8.604.20221130-2149\jars\maven-resolver-spi-1.6.3.jar
2024-01-03 10:22:00,435 [Worker-48: Launching Employee_Service2] INFO  o.eclipse.m2e.core.internal.Bundles - 	Entry: C:\Digital\sts-4.17.1.RELEASE\plugins\org.eclipse.m2e.maven.runtime_3.8.604.20221130-2149\jars\maven-resolver-transport-wagon-1.6.3.jar
2024-01-03 10:22:00,435 [Worker-48: Launching Employee_Service2] INFO  o.eclipse.m2e.core.internal.Bundles - 	Entry: C:\Digital\sts-4.17.1.RELEASE\plugins\org.eclipse.m2e.maven.runtime_3.8.604.20221130-2149\jars\maven-resolver-util-1.6.3.jar
2024-01-03 10:22:00,435 [Worker-48: Launching Employee_Service2] INFO  o.eclipse.m2e.core.internal.Bundles - 	Entry: C:\Digital\sts-4.17.1.RELEASE\plugins\org.eclipse.m2e.maven.runtime_3.8.604.20221130-2149\jars\maven-settings-3.8.6.jar
2024-01-03 10:22:00,436 [Worker-48: Launching Employee_Service2] INFO  o.eclipse.m2e.core.internal.Bundles - 	Entry: C:\Digital\sts-4.17.1.RELEASE\plugins\org.eclipse.m2e.maven.runtime_3.8.604.20221130-2149\jars\maven-settings-builder-3.8.6.jar
2024-01-03 10:22:00,436 [Worker-48: Launching Employee_Service2] INFO  o.eclipse.m2e.core.internal.Bundles - 	Entry: C:\Digital\sts-4.17.1.RELEASE\plugins\org.eclipse.m2e.maven.runtime_3.8.604.20221130-2149\jars\maven-shared-utils-3.3.4.jar
2024-01-03 10:22:00,436 [Worker-48: Launching Employee_Service2] INFO  o.eclipse.m2e.core.internal.Bundles - 	Entry: C:\Digital\sts-4.17.1.RELEASE\plugins\org.eclipse.m2e.maven.runtime_3.8.604.20221130-2149\jars\okhttp-3.14.1.jar
2024-01-03 10:22:00,436 [Worker-48: Launching Employee_Service2] INFO  o.eclipse.m2e.core.internal.Bundles - 	Entry: C:\Digital\sts-4.17.1.RELEASE\plugins\org.eclipse.m2e.maven.runtime_3.8.604.20221130-2149\jars\okio-1.17.3.jar
2024-01-03 10:22:00,436 [Worker-48: Launching Employee_Service2] INFO  o.eclipse.m2e.core.internal.Bundles - 	Entry: C:\Digital\sts-4.17.1.RELEASE\plugins\org.eclipse.m2e.maven.runtime_3.8.604.20221130-2149\jars\org.eclipse.sisu.inject-0.3.5.jar
2024-01-03 10:22:00,436 [Worker-48: Launching Employee_Service2] INFO  o.eclipse.m2e.core.internal.Bundles - 	Entry: C:\Digital\sts-4.17.1.RELEASE\plugins\org.eclipse.m2e.maven.runtime_3.8.604.20221130-2149\jars\org.eclipse.sisu.plexus-0.3.5.jar
2024-01-03 10:22:00,437 [Worker-48: Launching Employee_Service2] INFO  o.eclipse.m2e.core.internal.Bundles - 	Entry: C:\Digital\sts-4.17.1.RELEASE\plugins\org.eclipse.m2e.maven.runtime_3.8.604.20221130-2149\jars\plexus-build-api-0.0.7.jar
2024-01-03 10:22:00,437 [Worker-48: Launching Employee_Service2] INFO  o.eclipse.m2e.core.internal.Bundles - 	Entry: C:\Digital\sts-4.17.1.RELEASE\plugins\org.eclipse.m2e.maven.runtime_3.8.604.20221130-2149\jars\plexus-cipher-2.0.jar
2024-01-03 10:22:00,437 [Worker-48: Launching Employee_Service2] INFO  o.eclipse.m2e.core.internal.Bundles - 	Entry: C:\Digital\sts-4.17.1.RELEASE\plugins\org.eclipse.m2e.maven.runtime_3.8.604.20221130-2149\jars\plexus-classworlds-2.6.0.jar
2024-01-03 10:22:00,437 [Worker-48: Launching Employee_Service2] INFO  o.eclipse.m2e.core.internal.Bundles - 	Entry: C:\Digital\sts-4.17.1.RELEASE\plugins\org.eclipse.m2e.maven.runtime_3.8.604.20221130-2149\jars\plexus-component-annotations-2.1.0.jar
2024-01-03 10:22:00,438 [Worker-48: Launching Employee_Service2] INFO  o.eclipse.m2e.core.internal.Bundles - 	Entry: C:\Digital\sts-4.17.1.RELEASE\plugins\org.eclipse.m2e.maven.runtime_3.8.604.20221130-2149\jars\plexus-interpolation-1.26.jar
2024-01-03 10:22:00,438 [Worker-48: Launching Employee_Service2] INFO  o.eclipse.m2e.core.internal.Bundles - 	Entry: C:\Digital\sts-4.17.1.RELEASE\plugins\org.eclipse.m2e.maven.runtime_3.8.604.20221130-2149\jars\plexus-sec-dispatcher-2.0.jar
2024-01-03 10:22:00,438 [Worker-48: Launching Employee_Service2] INFO  o.eclipse.m2e.core.internal.Bundles - 	Entry: C:\Digital\sts-4.17.1.RELEASE\plugins\org.eclipse.m2e.maven.runtime_3.8.604.20221130-2149\jars\plexus-utils-3.3.1.jar
2024-01-03 10:22:00,438 [Worker-48: Launching Employee_Service2] INFO  o.eclipse.m2e.core.internal.Bundles - 	Entry: C:\Digital\sts-4.17.1.RELEASE\plugins\org.eclipse.m2e.maven.runtime_3.8.604.20221130-2149\jars\wagon-file-3.5.1.jar
2024-01-03 10:22:00,438 [Worker-48: Launching Employee_Service2] INFO  o.eclipse.m2e.core.internal.Bundles - 	Entry: C:\Digital\sts-4.17.1.RELEASE\plugins\org.eclipse.m2e.maven.runtime_3.8.604.20221130-2149\jars\wagon-provider-api-3.5.1.jar
2024-01-03 10:22:00,439 [Worker-48: Launching Employee_Service2] INFO  o.eclipse.m2e.core.internal.Bundles - getClasspathEntries(Bundle=com.google.guava_30.1.0.v20221112-0806 [22])
2024-01-03 10:22:00,441 [Worker-48: Launching Employee_Service2] INFO  o.eclipse.m2e.core.internal.Bundles - 	Entry: C:\Digital\sts-4.17.1.RELEASE\plugins\com.google.guava_30.1.0.v20221112-0806.jar
2024-01-03 10:22:00,441 [Worker-48: Launching Employee_Service2] INFO  o.eclipse.m2e.core.internal.Bundles - getClasspathEntries(Bundle=slf4j.api_1.7.36 [584])
2024-01-03 10:22:00,631 [Worker-48: Launching Employee_Service2] INFO  o.eclipse.m2e.core.internal.Bundles - 	Entry: C:\Digital\sts-4.17.1.RELEASE\plugins\slf4j.api_1.7.36.jar
2024-01-03 10:22:00,631 [Worker-48: Launching Employee_Service2] INFO  o.eclipse.m2e.core.internal.Bundles - getClasspathEntries(Bundle=javax.inject_1.0.0.v20220405-0441 [49])
2024-01-03 10:22:00,723 [Worker-48: Launching Employee_Service2] INFO  o.eclipse.m2e.core.internal.Bundles - 	Entry: C:\Digital\sts-4.17.1.RELEASE\plugins\javax.inject_1.0.0.v20220405-0441.jar
2024-01-03 10:22:00,723 [Worker-48: Launching Employee_Service2] INFO  o.eclipse.m2e.core.internal.Bundles - getClasspathEntries(Bundle=javax.annotation_1.3.5.v20221112-0806 [47])
2024-01-03 10:22:00,857 [Worker-48: Launching Employee_Service2] INFO  o.eclipse.m2e.core.internal.Bundles - 	Entry: C:\Digital\sts-4.17.1.RELEASE\plugins\javax.annotation_1.3.5.v20221112-0806.jar
2024-01-03 10:22:00,860 [Worker-48: Launching Employee_Service2] INFO  o.e.m.i.launch.MavenLaunchDelegate - Run build in "C:\Users\158250\SE_MicroServices_December\Employee_Service2":
2024-01-03 10:22:00,860 [Worker-48: Launching Employee_Service2] INFO  o.e.m.i.launch.MavenLaunchDelegate -  mvn  -Ppom.xml -B -Dstyle.color=always compile
2024-01-03 10:36:22,572 [Worker-56: Updating Maven Project] INFO  o.e.m.c.i.p.ProjectConfigurationManager - Update started
2024-01-03 10:36:23,746 [Worker-56: Updating Maven Project] INFO  o.e.m.c.i.l.LifecycleMappingFactory - Using org.eclipse.m2e.jdt.JarLifecycleMapping lifecycle mapping for MavenProject: com.example:Employee_Service:0.0.1-SNAPSHOT @ C:\Users\158250\SE_MicroServices_December\Employee_Service2\pom.xml.
2024-01-03 10:36:26,020 [Worker-56: Updating Maven Project] INFO  o.e.m.j.i.AbstractJavaProjectConfigurator - Adding source folder /Employee_Service2/src/main/java
2024-01-03 10:36:26,021 [Worker-56: Updating Maven Project] INFO  o.e.m.j.i.AbstractJavaProjectConfigurator - Adding resource folder /Employee_Service2/src/main/resources
2024-01-03 10:36:26,021 [Worker-56: Updating Maven Project] INFO  o.e.m.j.i.AbstractJavaProjectConfigurator - Adding resource folder /Employee_Service2/src/main/resources
2024-01-03 10:36:26,021 [Worker-56: Updating Maven Project] INFO  o.e.m.j.i.AbstractJavaProjectConfigurator - Adding source folder /Employee_Service2/src/test/java
2024-01-03 10:36:26,292 [Worker-56: Updating Maven Project] INFO  o.e.m.c.i.p.ProjectConfigurationManager - Update completed for 1 poms: local refresh takes 0.00 sec, refresh facades takes 3.00 sec, update config takes 0.00 sec 
2024-01-03 10:36:32,696 [main] INFO  o.e.m2e.actions.ExecutePomAction - Creating new launch configuration
2024-01-03 10:36:34,371 [Worker-67: Launching Employee_Service2 (1)] INFO  o.e.m.i.launch.MavenLaunchDelegate - Run build in "C:\Users\158250\SE_MicroServices_December\Employee_Service2":
2024-01-03 10:36:34,371 [Worker-67: Launching Employee_Service2 (1)] INFO  o.e.m.i.launch.MavenLaunchDelegate -  mvn  -Ppom.xml -B -Dstyle.color=always compile
2024-01-03 10:39:11,273 [Worker-70: Launching Executing install in C__Users_158250_SE_MicroServices_December_Employee_Service2] INFO  o.e.m.i.launch.MavenLaunchDelegate - Run build in "C:\Users\158250\SE_MicroServices_December\Employee_Service2":
2024-01-03 10:39:11,274 [Worker-70: Launching Executing install in C__Users_158250_SE_MicroServices_December_Employee_Service2] INFO  o.e.m.i.launch.MavenLaunchDelegate -  mvn  -Ppom.xml -B -Dstyle.color=always install
2024-01-03 12:06:49,285 [Worker-81: Building] INFO  o.a.m.s.f.DefaultMavenResourcesFiltering - Copying 1 resource from src\main\resources to target\classes
2024-01-03 12:06:49,325 [Worker-81: Building] INFO  o.a.m.s.f.DefaultMavenResourcesFiltering - Copying 0 resource from src\main\resources to target\classes
2024-01-03 12:06:49,331 [Worker-81: Building] INFO  o.a.m.s.f.DefaultMavenResourcesFiltering - skip non existing resourceDirectory C:\Users\158250\SE_MicroServices_December\Address_Service\src\test\resources
2024-01-03 12:07:04,826 [Worker-84: Building] INFO  o.a.m.s.f.DefaultMavenResourcesFiltering - Copying 1 resource from src\main\resources to target\classes
2024-01-03 12:07:04,832 [Worker-84: Building] INFO  o.a.m.s.f.DefaultMavenResourcesFiltering - Copying 0 resource from src\main\resources to target\classes
2024-01-03 12:07:04,834 [Worker-84: Building] INFO  o.a.m.s.f.DefaultMavenResourcesFiltering - skip non existing resourceDirectory C:\Users\158250\SE_MicroServices_December\Address_Service\src\test\resources
2024-01-04 13:40:53,841 [Worker-98: Building] INFO  o.a.m.s.f.DefaultMavenResourcesFiltering - Copying 1 resource from src\main\resources to target\classes
2024-01-04 13:40:53,977 [Worker-98: Building] INFO  o.a.m.s.f.DefaultMavenResourcesFiltering - Copying 0 resource from src\main\resources to target\classes
2024-01-04 13:40:53,981 [Worker-98: Building] INFO  o.a.m.s.f.DefaultMavenResourcesFiltering - skip non existing resourceDirectory C:\Users\158250\SE_MicroServices_December\Address_Service\src\test\resources
2024-01-04 14:01:43,930 [Worker-98: Building] INFO  o.a.m.s.f.DefaultMavenResourcesFiltering - Copying 1 resource from src\main\resources to target\classes
2024-01-04 14:01:44,039 [Worker-98: Building] INFO  o.a.m.s.f.DefaultMavenResourcesFiltering - Copying 0 resource from src\main\resources to target\classes
2024-01-04 14:01:44,040 [Worker-98: Building] INFO  o.a.m.s.f.DefaultMavenResourcesFiltering - skip non existing resourceDirectory C:\Users\158250\SE_MicroServices_December\Address_Service\src\test\resources
2024-01-04 14:04:34,839 [Worker-101: Building] INFO  o.a.m.s.f.DefaultMavenResourcesFiltering - Copying 1 resource from src\main\resources to target\classes
2024-01-04 14:04:34,922 [Worker-101: Building] INFO  o.a.m.s.f.DefaultMavenResourcesFiltering - Copying 0 resource from src\main\resources to target\classes
2024-01-04 14:04:34,924 [Worker-101: Building] INFO  o.a.m.s.f.DefaultMavenResourcesFiltering - skip non existing resourceDirectory C:\Users\158250\SE_MicroServices_December\Address_Service\src\test\resources
2024-01-04 14:05:35,028 [Worker-102: Building] INFO  o.a.m.s.f.DefaultMavenResourcesFiltering - Copying 1 resource from src\main\resources to target\classes
2024-01-04 14:05:35,125 [Worker-102: Building] INFO  o.a.m.s.f.DefaultMavenResourcesFiltering - Copying 0 resource from src\main\resources to target\classes
2024-01-04 14:05:35,127 [Worker-102: Building] INFO  o.a.m.s.f.DefaultMavenResourcesFiltering - skip non existing resourceDirectory C:\Users\158250\SE_MicroServices_December\Address_Service\src\test\resources
2024-01-04 14:07:07,719 [Worker-100: Building] INFO  o.a.m.s.f.DefaultMavenResourcesFiltering - Copying 1 resource from src\main\resources to target\classes
2024-01-04 14:07:07,722 [Worker-100: Building] INFO  o.a.m.s.f.DefaultMavenResourcesFiltering - Copying 0 resource from src\main\resources to target\classes
2024-01-04 14:07:07,724 [Worker-100: Building] INFO  o.a.m.s.f.DefaultMavenResourcesFiltering - skip non existing resourceDirectory C:\Users\158250\SE_MicroServices_December\Address_Service\src\test\resources
2024-01-04 14:10:11,939 [Worker-98: Building] INFO  o.a.m.s.f.DefaultMavenResourcesFiltering - Copying 1 resource from src\main\resources to target\classes
2024-01-04 14:10:11,943 [Worker-98: Building] INFO  o.a.m.s.f.DefaultMavenResourcesFiltering - Copying 0 resource from src\main\resources to target\classes
2024-01-04 14:10:11,945 [Worker-98: Building] INFO  o.a.m.s.f.DefaultMavenResourcesFiltering - skip non existing resourceDirectory C:\Users\158250\SE_MicroServices_December\Address_Service\src\test\resources
2024-01-04 14:10:23,773 [Worker-102: Building] INFO  o.a.m.s.f.DefaultMavenResourcesFiltering - Copying 1 resource from src\main\resources to target\classes
2024-01-04 14:10:23,778 [Worker-102: Building] INFO  o.a.m.s.f.DefaultMavenResourcesFiltering - Copying 0 resource from src\main\resources to target\classes
2024-01-04 14:10:23,780 [Worker-102: Building] INFO  o.a.m.s.f.DefaultMavenResourcesFiltering - skip non existing resourceDirectory C:\Users\158250\SE_MicroServices_December\Address_Service\src\test\resources
2024-01-04 14:19:29,463 [Worker-108: Building] INFO  o.a.m.s.f.DefaultMavenResourcesFiltering - Copying 1 resource from src\main\resources to target\classes
2024-01-04 14:19:29,473 [Worker-108: Building] INFO  o.a.m.s.f.DefaultMavenResourcesFiltering - Copying 0 resource from src\main\resources to target\classes
2024-01-04 14:19:29,476 [Worker-108: Building] INFO  o.a.m.s.f.DefaultMavenResourcesFiltering - skip non existing resourceDirectory C:\Users\158250\SE_MicroServices_December\Address_Service\src\test\resources
2024-01-04 14:19:38,226 [Worker-106: Building] INFO  o.a.m.s.f.DefaultMavenResourcesFiltering - Copying 1 resource from src\main\resources to target\classes
2024-01-04 14:19:38,230 [Worker-106: Building] INFO  o.a.m.s.f.DefaultMavenResourcesFiltering - Copying 0 resource from src\main\resources to target\classes
2024-01-04 14:19:38,234 [Worker-106: Building] INFO  o.a.m.s.f.DefaultMavenResourcesFiltering - skip non existing resourceDirectory C:\Users\158250\SE_MicroServices_December\Address_Service\src\test\resources
2024-01-04 14:19:51,695 [Worker-106: Building] INFO  o.a.m.s.f.DefaultMavenResourcesFiltering - Copying 1 resource from src\main\resources to target\classes
2024-01-04 14:19:51,704 [Worker-106: Building] INFO  o.a.m.s.f.DefaultMavenResourcesFiltering - Copying 0 resource from src\main\resources to target\classes
2024-01-04 14:19:51,705 [Worker-106: Building] INFO  o.a.m.s.f.DefaultMavenResourcesFiltering - skip non existing resourceDirectory C:\Users\158250\SE_MicroServices_December\Address_Service\src\test\resources
2024-01-04 14:24:00,957 [Worker-107: Building] INFO  o.a.m.s.f.DefaultMavenResourcesFiltering - Copying 1 resource from src\main\resources to target\classes
2024-01-04 14:24:00,965 [Worker-107: Building] INFO  o.a.m.s.f.DefaultMavenResourcesFiltering - Copying 0 resource from src\main\resources to target\classes
2024-01-04 14:24:00,969 [Worker-107: Building] INFO  o.a.m.s.f.DefaultMavenResourcesFiltering - skip non existing resourceDirectory C:\Users\158250\SE_MicroServices_December\Address_Service\src\test\resources
2024-01-04 14:34:11,961 [Worker-115: Building] INFO  o.a.m.s.f.DefaultMavenResourcesFiltering - Copying 1 resource from src\main\resources to target\classes
2024-01-04 14:34:11,995 [Worker-115: Building] INFO  o.a.m.s.f.DefaultMavenResourcesFiltering - Copying 0 resource from src\main\resources to target\classes
2024-01-04 14:34:11,998 [Worker-115: Building] INFO  o.a.m.s.f.DefaultMavenResourcesFiltering - skip non existing resourceDirectory C:\Users\158250\SE_MicroServices_December\Address_Service\src\test\resources
2024-01-04 14:34:17,730 [Worker-98: Building] INFO  o.a.m.s.f.DefaultMavenResourcesFiltering - Copying 1 resource from src\main\resources to target\classes
2024-01-04 14:34:17,772 [Worker-98: Building] INFO  o.a.m.s.f.DefaultMavenResourcesFiltering - Copying 0 resource from src\main\resources to target\classes
2024-01-04 14:34:17,776 [Worker-98: Building] INFO  o.a.m.s.f.DefaultMavenResourcesFiltering - skip non existing resourceDirectory C:\Users\158250\SE_MicroServices_December\Address_Service\src\test\resources
2024-01-04 14:34:46,182 [Worker-112: Building] INFO  o.a.m.s.f.DefaultMavenResourcesFiltering - Copying 1 resource from src\main\resources to target\classes
2024-01-04 14:34:46,188 [Worker-112: Building] INFO  o.a.m.s.f.DefaultMavenResourcesFiltering - Copying 0 resource from src\main\resources to target\classes
2024-01-04 14:34:46,190 [Worker-112: Building] INFO  o.a.m.s.f.DefaultMavenResourcesFiltering - skip non existing resourceDirectory C:\Users\158250\SE_MicroServices_December\Address_Service\src\test\resources
2024-01-04 14:35:15,826 [Worker-116: Building] INFO  o.a.m.s.f.DefaultMavenResourcesFiltering - Copying 1 resource from src\main\resources to target\classes
2024-01-04 14:35:15,831 [Worker-116: Building] INFO  o.a.m.s.f.DefaultMavenResourcesFiltering - Copying 0 resource from src\main\resources to target\classes
2024-01-04 14:35:15,833 [Worker-116: Building] INFO  o.a.m.s.f.DefaultMavenResourcesFiltering - skip non existing resourceDirectory C:\Users\158250\SE_MicroServices_December\Address_Service\src\test\resources
2024-01-04 14:36:06,916 [Worker-114: Building] INFO  o.a.m.s.f.DefaultMavenResourcesFiltering - Copying 1 resource from src\main\resources to target\classes
2024-01-04 14:36:06,921 [Worker-114: Building] INFO  o.a.m.s.f.DefaultMavenResourcesFiltering - Copying 0 resource from src\main\resources to target\classes
2024-01-04 14:36:06,926 [Worker-114: Building] INFO  o.a.m.s.f.DefaultMavenResourcesFiltering - skip non existing resourceDirectory C:\Users\158250\SE_MicroServices_December\Address_Service\src\test\resources
2024-01-04 14:37:04,873 [Worker-112: Building] INFO  o.a.m.s.f.DefaultMavenResourcesFiltering - Copying 1 resource from src\main\resources to target\classes
2024-01-04 14:37:04,880 [Worker-112: Building] INFO  o.a.m.s.f.DefaultMavenResourcesFiltering - Copying 0 resource from src\main\resources to target\classes
2024-01-04 14:37:04,884 [Worker-112: Building] INFO  o.a.m.s.f.DefaultMavenResourcesFiltering - skip non existing resourceDirectory C:\Users\158250\SE_MicroServices_December\Address_Service\src\test\resources
2024-01-04 14:37:30,541 [Worker-117: Building] INFO  o.a.m.s.f.DefaultMavenResourcesFiltering - Copying 1 resource from src\main\resources to target\classes
2024-01-04 14:37:30,551 [Worker-117: Building] INFO  o.a.m.s.f.DefaultMavenResourcesFiltering - Copying 0 resource from src\main\resources to target\classes
2024-01-04 14:37:30,555 [Worker-117: Building] INFO  o.a.m.s.f.DefaultMavenResourcesFiltering - skip non existing resourceDirectory C:\Users\158250\SE_MicroServices_December\Address_Service\src\test\resources
2024-01-04 14:37:53,556 [Worker-114: Building] INFO  o.a.m.s.f.DefaultMavenResourcesFiltering - Copying 1 resource from src\main\resources to target\classes
2024-01-04 14:37:53,561 [Worker-114: Building] INFO  o.a.m.s.f.DefaultMavenResourcesFiltering - Copying 0 resource from src\main\resources to target\classes
2024-01-04 14:37:53,562 [Worker-114: Building] INFO  o.a.m.s.f.DefaultMavenResourcesFiltering - skip non existing resourceDirectory C:\Users\158250\SE_MicroServices_December\Address_Service\src\test\resources
2024-01-04 14:41:29,524 [Worker-98: Building] INFO  o.a.m.s.f.DefaultMavenResourcesFiltering - Copying 1 resource from src\main\resources to target\classes
2024-01-04 14:41:29,529 [Worker-98: Building] INFO  o.a.m.s.f.DefaultMavenResourcesFiltering - Copying 0 resource from src\main\resources to target\classes
2024-01-04 14:41:29,533 [Worker-98: Building] INFO  o.a.m.s.f.DefaultMavenResourcesFiltering - skip non existing resourceDirectory C:\Users\158250\SE_MicroServices_December\Address_Service\src\test\resources
2024-01-04 14:42:07,580 [Worker-98: Building] INFO  o.a.m.s.f.DefaultMavenResourcesFiltering - Copying 1 resource from src\main\resources to target\classes
2024-01-04 14:42:07,587 [Worker-98: Building] INFO  o.a.m.s.f.DefaultMavenResourcesFiltering - Copying 0 resource from src\main\resources to target\classes
2024-01-04 14:42:07,589 [Worker-98: Building] INFO  o.a.m.s.f.DefaultMavenResourcesFiltering - skip non existing resourceDirectory C:\Users\158250\SE_MicroServices_December\Address_Service\src\test\resources
2024-01-04 14:42:36,647 [Worker-119: Building] INFO  o.a.m.s.f.DefaultMavenResourcesFiltering - Copying 1 resource from src\main\resources to target\classes
2024-01-04 14:42:36,652 [Worker-119: Building] INFO  o.a.m.s.f.DefaultMavenResourcesFiltering - Copying 0 resource from src\main\resources to target\classes
2024-01-04 14:42:36,654 [Worker-119: Building] INFO  o.a.m.s.f.DefaultMavenResourcesFiltering - skip non existing resourceDirectory C:\Users\158250\SE_MicroServices_December\Address_Service\src\test\resources
2024-01-04 14:43:38,858 [Worker-116: Building] INFO  o.a.m.s.f.DefaultMavenResourcesFiltering - Copying 1 resource from src\main\resources to target\classes
2024-01-04 14:43:38,880 [Worker-116: Building] INFO  o.a.m.s.f.DefaultMavenResourcesFiltering - Copying 0 resource from src\main\resources to target\classes
2024-01-04 14:43:38,884 [Worker-116: Building] INFO  o.a.m.s.f.DefaultMavenResourcesFiltering - skip non existing resourceDirectory C:\Users\158250\SE_MicroServices_December\Address_Service\src\test\resources
2024-01-06 16:00:09,783 [Worker-138: Building] INFO  o.a.m.s.f.DefaultMavenResourcesFiltering - Copying 1 resource from src\main\resources to target\classes
2024-01-06 16:00:10,083 [Worker-138: Building] INFO  o.a.m.s.f.DefaultMavenResourcesFiltering - Copying 0 resource from src\main\resources to target\classes
2024-01-06 16:00:10,089 [Worker-138: Building] INFO  o.a.m.s.f.DefaultMavenResourcesFiltering - skip non existing resourceDirectory C:\Users\158250\SE_MicroServices_December\Address_Service\src\test\resources
